Unity Editor version:    2022.3.8f1 (b5eafc012955)
Branch:                  2022.3/staging
Build type:              Release
Batch mode:              YES
macOS version:           Version 14.4 (Build 23E214)
Darwin version:          23.4.0
Architecture:            arm64
Running under Rosetta:   NO
Available memory:        8192 MB
Using pre-set license
Pro License: YES

COMMAND LINE ARGUMENTS:
/Applications/Unity/Hub/Editor/2022.3.8f1/Unity.app/Contents/MacOS/Unity
-adb2
-batchMode
-noUpm
-name
AssetImportWorker0
-projectPath
/Users/ankush/Documents/GitHub/CS-328-TDProject/TDGame
-logFile
Logs/AssetImportWorker0.log
-srvPort
58216
Successfully changed project path to: /Users/ankush/Documents/GitHub/CS-328-TDProject/TDGame
/Users/ankush/Documents/GitHub/CS-328-TDProject/TDGame
[UnityMemory] Configuration Parameters - Can be set up in boot.config
    "memorysetup-bucket-allocator-granularity=16"
    "memorysetup-bucket-allocator-bucket-count=8"
    "memorysetup-bucket-allocator-block-size=33554432"
    "memorysetup-bucket-allocator-block-count=8"
    "memorysetup-main-allocator-block-size=16777216"
    "memorysetup-thread-allocator-block-size=16777216"
    "memorysetup-gfx-main-allocator-block-size=16777216"
    "memorysetup-gfx-thread-allocator-block-size=16777216"
    "memorysetup-cache-allocator-block-size=4194304"
    "memorysetup-typetree-allocator-block-size=2097152"
    "memorysetup-profiler-bucket-allocator-granularity=16"
    "memorysetup-profiler-bucket-allocator-bucket-count=8"
    "memorysetup-profiler-bucket-allocator-block-size=33554432"
    "memorysetup-profiler-bucket-allocator-block-count=8"
    "memorysetup-profiler-allocator-block-size=16777216"
    "memorysetup-profiler-editor-allocator-block-size=1048576"
    "memorysetup-temp-allocator-size-main=16777216"
    "memorysetup-job-temp-allocator-block-size=2097152"
    "memorysetup-job-temp-allocator-block-size-background=1048576"
    "memorysetup-job-temp-allocator-reduction-small-platforms=262144"
    "memorysetup-allocator-temp-initial-block-size-main=262144"
    "memorysetup-allocator-temp-initial-block-size-worker=262144"
    "memorysetup-temp-allocator-size-background-worker=32768"
    "memorysetup-temp-allocator-size-job-worker=262144"
    "memorysetup-temp-allocator-size-preload-manager=33554432"
    "memorysetup-temp-allocator-size-nav-mesh-worker=65536"
    "memorysetup-temp-allocator-size-audio-worker=65536"
    "memorysetup-temp-allocator-size-cloud-worker=32768"
    "memorysetup-temp-allocator-size-gi-baking-worker=262144"
    "memorysetup-temp-allocator-size-gfx=262144"
Player connection [8399796928] Host "[IP] 10.136.8.22 [Port] 0 [Flags] 2 [Guid] 772263073 [EditorId] 772263073 [Version] 1048832 [Id] OSXEditor(0,Ankushs-MacBook-Air.local) [Debug] 1 [PackageName] OSXEditor [ProjectName] Editor" joined multi-casting on [225.0.0.222:54997]...

Player connection [8399796928] Host "[IP] 10.136.8.22 [Port] 0 [Flags] 2 [Guid] 772263073 [EditorId] 772263073 [Version] 1048832 [Id] OSXEditor(0,Ankushs-MacBook-Air.local) [Debug] 1 [PackageName] OSXEditor [ProjectName] Editor" joined alternative multi-casting on [225.0.0.222:34997]...

[Physics::Module] Initialized MultithreadedJobDispatcher with 7 workers.
Refreshing native plugins compatible for Editor in 5.04 ms, found 1 plugins.
Preloading 0 native plugins for Editor in 0.00 ms.
Initialize engine version: 2022.3.8f1 (b5eafc012955)
[Subsystems] Discovering subsystems at path /Applications/Unity/Hub/Editor/2022.3.8f1/Unity.app/Contents/Resources/UnitySubsystems
[Subsystems] Discovering subsystems at path /Users/ankush/Documents/GitHub/CS-328-TDProject/TDGame/Assets
GfxDevice: creating device client; threaded=0; jobified=0
 preferred device: Apple M2 (high power)
Metal devices available: 1
0: Apple M2 (high power)
Using device Apple M2 (high power)
Initializing Metal device caps: Apple M2
Initialize mono
Mono path[0] = '/Applications/Unity/Hub/Editor/2022.3.8f1/Unity.app/Contents/Managed'
Mono path[1] = '/Applications/Unity/Hub/Editor/2022.3.8f1/Unity.app/Contents/MonoBleedingEdge/lib/mono/unityjit-macos'
Mono config path = '/Applications/Unity/Hub/Editor/2022.3.8f1/Unity.app/Contents/MonoBleedingEdge/etc'
Using monoOptions --debugger-agent=transport=dt_socket,embedding=1,server=y,suspend=n,address=127.0.0.1:56173
Begin MonoManager ReloadAssembly
Registering precompiled unity dll's ...
Register platform support module: /Applications/Unity/Hub/Editor/2022.3.8f1/Unity.app/Contents/PlaybackEngines/MacStandaloneSupport/UnityEditor.OSXStandalone.Extensions.dll
Registered in 0.001948 seconds.
- Loaded All Assemblies, in  0.225 seconds
Native extension for OSXStandalone target not found
Mono: successfully reloaded assembly
- Finished resetting the current domain, in  0.141 seconds
Domain Reload Profiling: 366ms
	BeginReloadAssembly (79ms)
		ExecutionOrderSort (0ms)
		DisableScriptedObjects (0ms)
		BackupInstance (0ms)
		ReleaseScriptingObjects (0ms)
		CreateAndSetChildDomain (0ms)
	RebuildCommonClasses (21ms)
	RebuildNativeTypeToScriptingClass (7ms)
	initialDomainReloadingComplete (28ms)
	LoadAllAssembliesAndSetupDomain (89ms)
		LoadAssemblies (79ms)
		RebuildTransferFunctionScriptingTraits (0ms)
		AnalyzeDomain (87ms)
			TypeCache.Refresh (86ms)
				TypeCache.ScanAssembly (77ms)
			ScanForSourceGeneratedMonoScriptInfo (0ms)
			ResolveRequiredComponents (0ms)
	FinalizeReload (141ms)
		ReleaseScriptCaches (0ms)
		RebuildScriptCaches (0ms)
		SetupLoadedEditorAssemblies (105ms)
			LogAssemblyErrors (0ms)
			InitializePlatformSupportModulesInManaged (4ms)
			SetLoadedEditorAssemblies (4ms)
			RefreshPlugins (0ms)
			BeforeProcessingInitializeOnLoad (1ms)
			ProcessInitializeOnLoadAttributes (69ms)
			ProcessInitializeOnLoadMethodAttributes (27ms)
			AfterProcessingInitializeOnLoad (0ms)
			EditorAssembliesLoaded (0ms)
		ExecutionOrderSort2 (0ms)
		AwakeInstancesAfterBackupRestoration (0ms)
========================================================================
Worker process is ready to serve import requests
Begin MonoManager ReloadAssembly
Symbol file LoadedFromMemory is not a mono symbol file
- Loaded All Assemblies, in  0.260 seconds
Refreshing native plugins compatible for Editor in 0.54 ms, found 1 plugins.
Native extension for OSXStandalone target not found
Mono: successfully reloaded assembly
- Finished resetting the current domain, in  0.196 seconds
Domain Reload Profiling: 457ms
	BeginReloadAssembly (68ms)
		ExecutionOrderSort (0ms)
		DisableScriptedObjects (3ms)
		BackupInstance (0ms)
		ReleaseScriptingObjects (0ms)
		CreateAndSetChildDomain (15ms)
	RebuildCommonClasses (22ms)
	RebuildNativeTypeToScriptingClass (8ms)
	initialDomainReloadingComplete (20ms)
	LoadAllAssembliesAndSetupDomain (144ms)
		LoadAssemblies (139ms)
		RebuildTransferFunctionScriptingTraits (0ms)
		AnalyzeDomain (35ms)
			TypeCache.Refresh (29ms)
				TypeCache.ScanAssembly (20ms)
			ScanForSourceGeneratedMonoScriptInfo (4ms)
			ResolveRequiredComponents (2ms)
	FinalizeReload (197ms)
		ReleaseScriptCaches (0ms)
		RebuildScriptCaches (0ms)
		SetupLoadedEditorAssemblies (118ms)
			LogAssemblyErrors (0ms)
			InitializePlatformSupportModulesInManaged (2ms)
			SetLoadedEditorAssemblies (2ms)
			RefreshPlugins (0ms)
			BeforeProcessingInitializeOnLoad (22ms)
			ProcessInitializeOnLoadAttributes (71ms)
			ProcessInitializeOnLoadMethodAttributes (21ms)
			AfterProcessingInitializeOnLoad (1ms)
			EditorAssembliesLoaded (0ms)
		ExecutionOrderSort2 (0ms)
		AwakeInstancesAfterBackupRestoration (2ms)
Launching external process: /Applications/Unity/Hub/Editor/2022.3.8f1/Unity.app/Contents/Tools/UnityShaderCompiler
Launched and connected shader compiler UnityShaderCompiler after 0.03 seconds
Refreshing native plugins compatible for Editor in 0.51 ms, found 1 plugins.
Preloading 0 native plugins for Editor in 0.00 ms.
Unloading 1233 Unused Serialized files (Serialized files now loaded: 0)
Unloading 23 unused Assets / (46.8 KB). Loaded Objects now: 1709.
Memory consumption went from 79.3 MB to 79.2 MB.
Total: 2.027625 ms (FindLiveObjects: 0.061000 ms CreateObjectMapping: 0.017875 ms MarkObjects: 1.891667 ms  DeleteObjects: 0.056583 ms)

AssetImportParameters requested are different than current active one (requested -> active):
  custom:video-encoder-webm-vp8: eb34c28f22e8b96e1ab97ce403110664 -> 
  custom:video-decoder-webm-vp8: 9c59270c3fd7afecdb556c50c9e8de78 -> 
  custom:audio-decoder-ogg-vorbis: bf7c407c2cedff20999df2af8eb42d56 -> 
  custom:container-demuxer-ogg: 62fdf1f143b41e24485cea50d1cbac27 -> 
  custom:AudioImporter_EditorPlatform: 3918e3fc78b5a79bad01e8451be0beb8 -> 
  custom:container-demuxer-webm: 4f35f7cbe854078d1ac9338744f61a02 -> 
  custom:video-decoder-ogg-theora: a1e56fd34408186e4bbccfd4996cb3dc -> 
  custom:audio-encoder-webm-vorbis: bf7c407c2cedff20999df2af8eb42d56 -> 
  custom:framework-osx-AVFoundation: e770b220cccbd017edd2c1fefb359320 -> 
  custom:container-muxer-webm: aa71ff27fc2769a1b78a27578f13a17b -> 
========================================================================
Received Import Request.
  Time since last request: 155550.590726 seconds.
  path: Assets/360_F_252298015_V5UG0GtAgTDlQiyfrHbnxkgUFnck7tuT.jpg
  artifactKey: Guid(8ff53bae694926c47b3a11113c96a07e) Importer(815301076,1909f56bfc062723c751e8b465ee728b)
Start importing Assets/360_F_252298015_V5UG0GtAgTDlQiyfrHbnxkgUFnck7tuT.jpg using Guid(8ff53bae694926c47b3a11113c96a07e) Importer(815301076,1909f56bfc062723c751e8b465ee728b)  -> (artifact id: '62b05b72930fb381d440cdb61e8ecefd') in 0.027086 seconds
Number of updated asset objects reloaded before import = 0
Number of asset objects unloaded after import = 2
========================================================================
Received Import Request.
  Time since last request: 0.000026 seconds.
  path: Assets/AudioMixer.mixer
  artifactKey: Guid(04971f5eaa1309d48b9866a9651a40e4) Importer(815301076,1909f56bfc062723c751e8b465ee728b)
Start importing Assets/AudioMixer.mixer using Guid(04971f5eaa1309d48b9866a9651a40e4) Importer(815301076,1909f56bfc062723c751e8b465ee728b)  -> (artifact id: 'f642bfaec546e977fc6a84637866f064') in 0.000603 seconds
Number of updated asset objects reloaded before import = 0
Number of asset objects unloaded after import = 8
========================================================================
Received Import Request.
  Time since last request: 6.134892 seconds.
  path: Assets/Art/Fruit-Juicer.ttf
  artifactKey: Guid(9d0ec612d0157496b9a5d4b366419f9b) Importer(815301076,1909f56bfc062723c751e8b465ee728b)
Start importing Assets/Art/Fruit-Juicer.ttf using Guid(9d0ec612d0157496b9a5d4b366419f9b) Importer(815301076,1909f56bfc062723c751e8b465ee728b)  -> (artifact id: '809ff9d44e90f4228764b75afda4fba9') in 0.040478 seconds
Number of updated asset objects reloaded before import = 0
Number of asset objects unloaded after import = 4
========================================================================
Received Import Request.
  Time since last request: 3.610369 seconds.
  path: Assets/Scenes/Level 2.unity
  artifactKey: Guid(cdda4d8747383b94aba52281a9d3c684) Importer(815301076,1909f56bfc062723c751e8b465ee728b)
Start importing Assets/Scenes/Level 2.unity using Guid(cdda4d8747383b94aba52281a9d3c684) Importer(815301076,1909f56bfc062723c751e8b465ee728b)  -> (artifact id: '34a67731208b9f2990223a5d5873b1f8') in 0.000241 seconds
Number of updated asset objects reloaded before import = 0
Number of asset objects unloaded after import = 0
========================================================================
Received Prepare
Begin MonoManager ReloadAssembly
Thread 0x301fc7000 may have been prematurely finalized
Symbol file LoadedFromMemory is not a mono symbol file
- Loaded All Assemblies, in  0.194 seconds
Refreshing native plugins compatible for Editor in 0.53 ms, found 1 plugins.
Native extension for OSXStandalone target not found
Mono: successfully reloaded assembly
- Finished resetting the current domain, in  0.271 seconds
Domain Reload Profiling: 464ms
	BeginReloadAssembly (68ms)
		ExecutionOrderSort (0ms)
		DisableScriptedObjects (3ms)
		BackupInstance (0ms)
		ReleaseScriptingObjects (0ms)
		CreateAndSetChildDomain (18ms)
	RebuildCommonClasses (22ms)
	RebuildNativeTypeToScriptingClass (7ms)
	initialDomainReloadingComplete (11ms)
	LoadAllAssembliesAndSetupDomain (85ms)
		LoadAssemblies (107ms)
		RebuildTransferFunctionScriptingTraits (0ms)
		AnalyzeDomain (5ms)
			TypeCache.Refresh (3ms)
				TypeCache.ScanAssembly (0ms)
			ScanForSourceGeneratedMonoScriptInfo (0ms)
			ResolveRequiredComponents (2ms)
	FinalizeReload (271ms)
		ReleaseScriptCaches (0ms)
		RebuildScriptCaches (0ms)
		SetupLoadedEditorAssemblies (115ms)
			LogAssemblyErrors (0ms)
			InitializePlatformSupportModulesInManaged (2ms)
			SetLoadedEditorAssemblies (2ms)
			RefreshPlugins (0ms)
			BeforeProcessingInitializeOnLoad (22ms)
			ProcessInitializeOnLoadAttributes (69ms)
			ProcessInitializeOnLoadMethodAttributes (19ms)
			AfterProcessingInitializeOnLoad (1ms)
			EditorAssembliesLoaded (0ms)
		ExecutionOrderSort2 (0ms)
		AwakeInstancesAfterBackupRestoration (2ms)
Refreshing native plugins compatible for Editor in 0.59 ms, found 1 plugins.
Preloading 0 native plugins for Editor in 0.00 ms.
Unloading 1213 Unused Serialized files (Serialized files now loaded: 0)
Unloading 15 unused Assets / (26.3 KB). Loaded Objects now: 1759.
Memory consumption went from 81.2 MB to 81.2 MB.
Total: 2.046000 ms (FindLiveObjects: 0.066709 ms CreateObjectMapping: 0.019292 ms MarkObjects: 1.939458 ms  DeleteObjects: 0.020292 ms)

Prepare: number of updated asset objects reloaded= 0
AssetImportParameters requested are different than current active one (requested -> active):
  custom:video-encoder-webm-vp8: eb34c28f22e8b96e1ab97ce403110664 -> 
  custom:video-decoder-webm-vp8: 9c59270c3fd7afecdb556c50c9e8de78 -> 
  custom:audio-decoder-ogg-vorbis: bf7c407c2cedff20999df2af8eb42d56 -> 
  custom:SearchIndexIgnoredProperties: e643bd26f0fe6173181afceb89e7c659 -> 
  custom:container-demuxer-ogg: 62fdf1f143b41e24485cea50d1cbac27 -> 
  custom:AudioImporter_EditorPlatform: 3918e3fc78b5a79bad01e8451be0beb8 -> 
  custom:CustomObjectIndexerAttribute: 756ad292c208cfabdd7b50bc23989ffe -> 
  custom:container-demuxer-webm: 4f35f7cbe854078d1ac9338744f61a02 -> 
  custom:video-decoder-ogg-theora: a1e56fd34408186e4bbccfd4996cb3dc -> 
  custom:audio-encoder-webm-vorbis: bf7c407c2cedff20999df2af8eb42d56 -> 
  custom:framework-osx-AVFoundation: e770b220cccbd017edd2c1fefb359320 -> 
  custom:container-muxer-webm: aa71ff27fc2769a1b78a27578f13a17b -> 
========================================================================
Received Prepare
Begin MonoManager ReloadAssembly
Thread 0x301b73000 may have been prematurely finalized
Symbol file LoadedFromMemory is not a mono symbol file
- Loaded All Assemblies, in  0.208 seconds
Refreshing native plugins compatible for Editor in 0.42 ms, found 1 plugins.
Native extension for OSXStandalone target not found
Mono: successfully reloaded assembly
- Finished resetting the current domain, in  0.224 seconds
Domain Reload Profiling: 433ms
	BeginReloadAssembly (73ms)
		ExecutionOrderSort (0ms)
		DisableScriptedObjects (4ms)
		BackupInstance (0ms)
		ReleaseScriptingObjects (0ms)
		CreateAndSetChildDomain (16ms)
	RebuildCommonClasses (21ms)
	RebuildNativeTypeToScriptingClass (7ms)
	initialDomainReloadingComplete (11ms)
	LoadAllAssembliesAndSetupDomain (96ms)
		LoadAssemblies (124ms)
		RebuildTransferFunctionScriptingTraits (0ms)
		AnalyzeDomain (6ms)
			TypeCache.Refresh (3ms)
				TypeCache.ScanAssembly (0ms)
			ScanForSourceGeneratedMonoScriptInfo (0ms)
			ResolveRequiredComponents (2ms)
	FinalizeReload (224ms)
		ReleaseScriptCaches (0ms)
		RebuildScriptCaches (0ms)
		SetupLoadedEditorAssemblies (115ms)
			LogAssemblyErrors (0ms)
			InitializePlatformSupportModulesInManaged (2ms)
			SetLoadedEditorAssemblies (2ms)
			RefreshPlugins (0ms)
			BeforeProcessingInitializeOnLoad (23ms)
			ProcessInitializeOnLoadAttributes (69ms)
			ProcessInitializeOnLoadMethodAttributes (19ms)
			AfterProcessingInitializeOnLoad (1ms)
			EditorAssembliesLoaded (0ms)
		ExecutionOrderSort2 (0ms)
		AwakeInstancesAfterBackupRestoration (2ms)
Refreshing native plugins compatible for Editor in 0.50 ms, found 1 plugins.
Preloading 0 native plugins for Editor in 0.00 ms.
Unloading 1214 Unused Serialized files (Serialized files now loaded: 0)
Unloading 15 unused Assets / (26.4 KB). Loaded Objects now: 1762.
Memory consumption went from 85.0 MB to 85.0 MB.
Total: 1.944250 ms (FindLiveObjects: 0.061000 ms CreateObjectMapping: 0.019500 ms MarkObjects: 1.838042 ms  DeleteObjects: 0.025375 ms)

Prepare: number of updated asset objects reloaded= 0
AssetImportParameters requested are different than current active one (requested -> active):
  custom:video-encoder-webm-vp8: eb34c28f22e8b96e1ab97ce403110664 -> 
  custom:video-decoder-webm-vp8: 9c59270c3fd7afecdb556c50c9e8de78 -> 
  custom:audio-decoder-ogg-vorbis: bf7c407c2cedff20999df2af8eb42d56 -> 
  custom:SearchIndexIgnoredProperties: e643bd26f0fe6173181afceb89e7c659 -> 
  custom:container-demuxer-ogg: 62fdf1f143b41e24485cea50d1cbac27 -> 
  custom:AudioImporter_EditorPlatform: 3918e3fc78b5a79bad01e8451be0beb8 -> 
  custom:CustomObjectIndexerAttribute: 756ad292c208cfabdd7b50bc23989ffe -> 
  custom:container-demuxer-webm: 4f35f7cbe854078d1ac9338744f61a02 -> 
  custom:video-decoder-ogg-theora: a1e56fd34408186e4bbccfd4996cb3dc -> 
  custom:audio-encoder-webm-vorbis: bf7c407c2cedff20999df2af8eb42d56 -> 
  custom:framework-osx-AVFoundation: e770b220cccbd017edd2c1fefb359320 -> 
  custom:container-muxer-webm: aa71ff27fc2769a1b78a27578f13a17b -> 
========================================================================
Received Prepare
Refreshing native plugins compatible for Editor in 1.34 ms, found 1 plugins.
Preloading 0 native plugins for Editor in 0.00 ms.
Unloading 1 Unused Serialized files (Serialized files now loaded: 0)
Unloading 1 unused Assets / (3.0 KB). Loaded Objects now: 1762.
Memory consumption went from 66.0 MB to 66.0 MB.
Total: 2.307958 ms (FindLiveObjects: 0.064250 ms CreateObjectMapping: 0.016292 ms MarkObjects: 2.209583 ms  DeleteObjects: 0.017541 ms)

Prepare: number of updated asset objects reloaded= 0
AssetImportParameters requested are different than current active one (requested -> active):
  custom:video-encoder-webm-vp8: eb34c28f22e8b96e1ab97ce403110664 -> 
  custom:video-decoder-webm-vp8: 9c59270c3fd7afecdb556c50c9e8de78 -> 
  custom:audio-decoder-ogg-vorbis: bf7c407c2cedff20999df2af8eb42d56 -> 
  custom:SearchIndexIgnoredProperties: e643bd26f0fe6173181afceb89e7c659 -> 
  custom:container-demuxer-ogg: 62fdf1f143b41e24485cea50d1cbac27 -> 
  custom:AudioImporter_EditorPlatform: 3918e3fc78b5a79bad01e8451be0beb8 -> 
  custom:CustomObjectIndexerAttribute: 756ad292c208cfabdd7b50bc23989ffe -> 
  custom:container-demuxer-webm: 4f35f7cbe854078d1ac9338744f61a02 -> 
  custom:video-decoder-ogg-theora: a1e56fd34408186e4bbccfd4996cb3dc -> 
  custom:audio-encoder-webm-vorbis: bf7c407c2cedff20999df2af8eb42d56 -> 
  custom:framework-osx-AVFoundation: e770b220cccbd017edd2c1fefb359320 -> 
  custom:container-muxer-webm: aa71ff27fc2769a1b78a27578f13a17b -> 
========================================================================
Received Import Request.
  Time since last request: 122.136350 seconds.
  path: Assets/Art/Sprites
  artifactKey: Guid(c416a6ed485f8e34ebb8ab657488aaea) Importer(815301076,1909f56bfc062723c751e8b465ee728b)
Start importing Assets/Art/Sprites using Guid(c416a6ed485f8e34ebb8ab657488aaea) Importer(815301076,1909f56bfc062723c751e8b465ee728b)  -> (artifact id: '03df2ea8ee93d6f4752b2ed8fc9e87e1') in 0.039348 seconds
Number of updated asset objects reloaded before import = 0
Number of asset objects unloaded after import = 0
========================================================================
Received Import Request.
  Time since last request: 0.000049 seconds.
  path: Assets/Art/Sprites/startButton.png
  artifactKey: Guid(3362084f3c32c5c40b5c2f628404a13d) Importer(815301076,1909f56bfc062723c751e8b465ee728b)
Start importing Assets/Art/Sprites/startButton.png using Guid(3362084f3c32c5c40b5c2f628404a13d) Importer(815301076,1909f56bfc062723c751e8b465ee728b)  -> (artifact id: '187fc7dea36e1a9131b319b08c4279dc') in 0.127929 seconds
Number of updated asset objects reloaded before import = 0
Number of asset objects unloaded after import = 3
========================================================================
Received Import Request.
  Time since last request: 0.000075 seconds.
  path: Assets/Art/Sprites/TowerButton.png
  artifactKey: Guid(468b526fd5489b84cb5fcadd245c7f00) Importer(815301076,1909f56bfc062723c751e8b465ee728b)
Start importing Assets/Art/Sprites/TowerButton.png using Guid(468b526fd5489b84cb5fcadd245c7f00) Importer(815301076,1909f56bfc062723c751e8b465ee728b)  -> (artifact id: '5e57c33dcfa36601f41ae1c031cbaf27') in 0.007494 seconds
Number of updated asset objects reloaded before import = 0
Number of asset objects unloaded after import = 3
========================================================================
Received Import Request.
  Time since last request: 0.000113 seconds.
  path: Assets/Art/Sprites/Play.png
  artifactKey: Guid(3a70f2bbfae8794459d317808c269d4b) Importer(815301076,1909f56bfc062723c751e8b465ee728b)
Start importing Assets/Art/Sprites/Play.png using Guid(3a70f2bbfae8794459d317808c269d4b) Importer(815301076,1909f56bfc062723c751e8b465ee728b)  -> (artifact id: '3f43cabbf3ee177bcefd3859a929310d') in 0.005719 seconds
Number of updated asset objects reloaded before import = 0
Number of asset objects unloaded after import = 3
========================================================================
Received Import Request.
  Time since last request: 0.000059 seconds.
  path: Assets/Art/Sprites/Restart.png
  artifactKey: Guid(7ad410788bf244a0d9ebdb68079bd379) Importer(815301076,1909f56bfc062723c751e8b465ee728b)
Start importing Assets/Art/Sprites/Restart.png using Guid(7ad410788bf244a0d9ebdb68079bd379) Importer(815301076,1909f56bfc062723c751e8b465ee728b)  -> (artifact id: '343630aac38e84c41456c147cb291ea1') in 0.005527 seconds
Number of updated asset objects reloaded before import = 0
Number of asset objects unloaded after import = 3
========================================================================
Received Import Request.
  Time since last request: 0.000056 seconds.
  path: Assets/Art/Sprites/Pause.png
  artifactKey: Guid(8408edc4f019cdc42a8e918437a7d093) Importer(815301076,1909f56bfc062723c751e8b465ee728b)
Start importing Assets/Art/Sprites/Pause.png using Guid(8408edc4f019cdc42a8e918437a7d093) Importer(815301076,1909f56bfc062723c751e8b465ee728b)  -> (artifact id: '45fa07356074598e9e153ed921868806') in 0.004956 seconds
Number of updated asset objects reloaded before import = 0
Number of asset objects unloaded after import = 3
========================================================================
Received Import Request.
  Time since last request: 0.000046 seconds.
  path: Assets/Art/Sprites/optionsExample.png
  artifactKey: Guid(37e956bab20a84f20a050948ed1c7916) Importer(815301076,1909f56bfc062723c751e8b465ee728b)
Start importing Assets/Art/Sprites/optionsExample.png using Guid(37e956bab20a84f20a050948ed1c7916) Importer(815301076,1909f56bfc062723c751e8b465ee728b)  -> (artifact id: 'f166ed62f7d1a2e39e782f6bb6290dbe') in 0.006470 seconds
Number of updated asset objects reloaded before import = 0
Number of asset objects unloaded after import = 3
========================================================================
Received Import Request.
  Time since last request: 0.000064 seconds.
  path: Assets/Art/Sprites/Home.png
  artifactKey: Guid(c9c773e3c7d67d545bcdcf5bdd3ff2c7) Importer(815301076,1909f56bfc062723c751e8b465ee728b)
Start importing Assets/Art/Sprites/Home.png using Guid(c9c773e3c7d67d545bcdcf5bdd3ff2c7) Importer(815301076,1909f56bfc062723c751e8b465ee728b)  -> (artifact id: '730441ca547d8190f9f318b892be4792') in 0.005431 seconds
Number of updated asset objects reloaded before import = 0
Number of asset objects unloaded after import = 3
========================================================================
Received Import Request.
  Time since last request: 0.000052 seconds.
  path: Assets/Art/Sprites/titleScreen.png
  artifactKey: Guid(c66b126e69c1b5f42969b16fbafabf8b) Importer(815301076,1909f56bfc062723c751e8b465ee728b)
Start importing Assets/Art/Sprites/titleScreen.png using Guid(c66b126e69c1b5f42969b16fbafabf8b) Importer(815301076,1909f56bfc062723c751e8b465ee728b)  -> (artifact id: 'aead0d00316df2b199ac7378bb122b23') in 0.037080 seconds
Number of updated asset objects reloaded before import = 0
Number of asset objects unloaded after import = 3
========================================================================
Received Import Request.
  Time since last request: 0.000062 seconds.
  path: Assets/Art/Sprites/cancelButtonExample.png
  artifactKey: Guid(d89fe12ce506e47d49d90903b1a9958b) Importer(815301076,1909f56bfc062723c751e8b465ee728b)
Start importing Assets/Art/Sprites/cancelButtonExample.png using Guid(d89fe12ce506e47d49d90903b1a9958b) Importer(815301076,1909f56bfc062723c751e8b465ee728b)  -> (artifact id: '15d92c0407f8f74cdb3453c530c0f159') in 0.005637 seconds
Number of updated asset objects reloaded before import = 0
Number of asset objects unloaded after import = 3
========================================================================
Received Import Request.
  Time since last request: 0.000072 seconds.
  path: Assets/Art/Sprites/HealthNew.png
  artifactKey: Guid(5c43bd271f5104c7bbb2bfdb6af98d95) Importer(815301076,1909f56bfc062723c751e8b465ee728b)
Start importing Assets/Art/Sprites/HealthNew.png using Guid(5c43bd271f5104c7bbb2bfdb6af98d95) Importer(815301076,1909f56bfc062723c751e8b465ee728b)  -> (artifact id: '44e20bbe135a61d30db3498f0f09c91e') in 0.004542 seconds
Number of updated asset objects reloaded before import = 0
Number of asset objects unloaded after import = 3
========================================================================
Received Import Request.
  Time since last request: 0.000053 seconds.
  path: Assets/Art/Sprites/TempLevelBackGround.png
  artifactKey: Guid(f81aee1b73ebc49cea11af0b2ba721ed) Importer(815301076,1909f56bfc062723c751e8b465ee728b)
Start importing Assets/Art/Sprites/TempLevelBackGround.png using Guid(f81aee1b73ebc49cea11af0b2ba721ed) Importer(815301076,1909f56bfc062723c751e8b465ee728b)  -> (artifact id: 'ae2809e439a742176c9e2e1a607bb1d4') in 0.004429 seconds
Number of updated asset objects reloaded before import = 0
Number of asset objects unloaded after import = 3
========================================================================
Received Import Request.
  Time since last request: 0.000089 seconds.
  path: Assets/Art/Sprites/bullet.png
  artifactKey: Guid(9c9d15afe76fd8c4da4baa98fd4ccb2b) Importer(815301076,1909f56bfc062723c751e8b465ee728b)
Start importing Assets/Art/Sprites/bullet.png using Guid(9c9d15afe76fd8c4da4baa98fd4ccb2b) Importer(815301076,1909f56bfc062723c751e8b465ee728b)  -> (artifact id: '424d1282933ca2c69cce11e0655ecb73') in 0.004620 seconds
Number of updated asset objects reloaded before import = 0
Number of asset objects unloaded after import = 3
========================================================================
Received Import Request.
  Time since last request: 0.000061 seconds.
  path: Assets/Art/Sprites/Pause Panel.png
  artifactKey: Guid(d4a018a71fcaab24c94f384e03b8a729) Importer(815301076,1909f56bfc062723c751e8b465ee728b)
Start importing Assets/Art/Sprites/Pause Panel.png using Guid(d4a018a71fcaab24c94f384e03b8a729) Importer(815301076,1909f56bfc062723c751e8b465ee728b)  -> (artifact id: '0842912ac0dc30f85aa75a5b73a006c3') in 0.004385 seconds
Number of updated asset objects reloaded before import = 0
Number of asset objects unloaded after import = 3
========================================================================
Received Import Request.
  Time since last request: 6.006981 seconds.
  path: Assets/Art/Sprites/Towers
  artifactKey: Guid(3025976bc7ba75e428e740e9d61fbfac) Importer(815301076,1909f56bfc062723c751e8b465ee728b)
Start importing Assets/Art/Sprites/Towers using Guid(3025976bc7ba75e428e740e9d61fbfac) Importer(815301076,1909f56bfc062723c751e8b465ee728b)  -> (artifact id: '8a97fbb76045ca371e23934b8844874e') in 0.000525 seconds
Number of updated asset objects reloaded before import = 0
Number of asset objects unloaded after import = 0
========================================================================
Received Import Request.
  Time since last request: 0.046668 seconds.
  path: Assets/Art/Sprites/Towers/General Guava 1.png
  artifactKey: Guid(a65ffcd1d6f0c4a49a70a22802731a7e) Importer(815301076,1909f56bfc062723c751e8b465ee728b)
Start importing Assets/Art/Sprites/Towers/General Guava 1.png using Guid(a65ffcd1d6f0c4a49a70a22802731a7e) Importer(815301076,1909f56bfc062723c751e8b465ee728b)  -> (artifact id: 'abe99832a5940b9d5da48b569cbe39b2') in 0.012924 seconds
Number of updated asset objects reloaded before import = 0
Number of asset objects unloaded after import = 3
========================================================================
Received Import Request.
  Time since last request: 0.000074 seconds.
  path: Assets/Art/Sprites/Towers/upgradedstrawberry.png
  artifactKey: Guid(e675f3b3cc8f67e4190bda87300fc20c) Importer(815301076,1909f56bfc062723c751e8b465ee728b)
Start importing Assets/Art/Sprites/Towers/upgradedstrawberry.png using Guid(e675f3b3cc8f67e4190bda87300fc20c) Importer(815301076,1909f56bfc062723c751e8b465ee728b)  -> (artifact id: 'e8474b4b34d8346d066a02a8d1ee823a') in 0.009669 seconds
Number of updated asset objects reloaded before import = 0
Number of asset objects unloaded after import = 3
========================================================================
Received Import Request.
  Time since last request: 0.000073 seconds.
  path: Assets/Art/Sprites/Towers/strawberry.png
  artifactKey: Guid(d7387aa2ef5fc3e4b9ee3425f2b0e629) Importer(815301076,1909f56bfc062723c751e8b465ee728b)
Start importing Assets/Art/Sprites/Towers/strawberry.png using Guid(d7387aa2ef5fc3e4b9ee3425f2b0e629) Importer(815301076,1909f56bfc062723c751e8b465ee728b)  -> (artifact id: 'cd77bcaba0006f4a5a6da2e7f1ee1eae') in 0.005814 seconds
Number of updated asset objects reloaded before import = 0
Number of asset objects unloaded after import = 3
========================================================================
Received Import Request.
  Time since last request: 0.000067 seconds.
  path: Assets/Art/Sprites/Towers/MachineGunMango.png
  artifactKey: Guid(cf5dc689edbf7544eaac9cbf6d8082a6) Importer(815301076,1909f56bfc062723c751e8b465ee728b)
Start importing Assets/Art/Sprites/Towers/MachineGunMango.png using Guid(cf5dc689edbf7544eaac9cbf6d8082a6) Importer(815301076,1909f56bfc062723c751e8b465ee728b)  -> (artifact id: 'c9e0c83a0b4880958e5c38eca9402c56') in 0.010379 seconds
Number of updated asset objects reloaded before import = 0
Number of asset objects unloaded after import = 3
========================================================================
Received Import Request.
  Time since last request: 4.518229 seconds.
  path: Assets/Art/Sprites/Enemies/Base Enemies
  artifactKey: Guid(96fc55b9086b8a44fa4ff6fe6158ce1b) Importer(815301076,1909f56bfc062723c751e8b465ee728b)
Start importing Assets/Art/Sprites/Enemies/Base Enemies using Guid(96fc55b9086b8a44fa4ff6fe6158ce1b) Importer(815301076,1909f56bfc062723c751e8b465ee728b)  -> (artifact id: 'f2fb742735a6a703a1ec4ec34eecfa10') in 0.000870 seconds
Number of updated asset objects reloaded before import = 0
Number of asset objects unloaded after import = 0
========================================================================
Received Import Request.
  Time since last request: 1.032880 seconds.
  path: Assets/Art/Sprites/Enemies/Base Enemies/Level 1
  artifactKey: Guid(c3ee427ab647ca54189de985599351f4) Importer(815301076,1909f56bfc062723c751e8b465ee728b)
Start importing Assets/Art/Sprites/Enemies/Base Enemies/Level 1 using Guid(c3ee427ab647ca54189de985599351f4) Importer(815301076,1909f56bfc062723c751e8b465ee728b)  -> (artifact id: '4b32e4b329db818555f644f23779b91c') in 0.000449 seconds
Number of updated asset objects reloaded before import = 0
Number of asset objects unloaded after import = 0
========================================================================
Received Import Request.
  Time since last request: 0.471389 seconds.
  path: Assets/Art/Sprites/Enemies/Base Enemies/Level 2
  artifactKey: Guid(4b62201a0dce39e43bae42489dc243fa) Importer(815301076,1909f56bfc062723c751e8b465ee728b)
Start importing Assets/Art/Sprites/Enemies/Base Enemies/Level 2 using Guid(4b62201a0dce39e43bae42489dc243fa) Importer(815301076,1909f56bfc062723c751e8b465ee728b)  -> (artifact id: '4a9e617d74e60f59957aa579047ed06d') in 0.000492 seconds
Number of updated asset objects reloaded before import = 0
Number of asset objects unloaded after import = 0
========================================================================
Received Import Request.
  Time since last request: 0.079023 seconds.
  path: Assets/Art/Sprites/Enemies/Base Enemies/Level 2/Chocolate Charger - 1st stage.png
  artifactKey: Guid(f441e2587c9b15341960af6d6332e74a) Importer(815301076,1909f56bfc062723c751e8b465ee728b)
Start importing Assets/Art/Sprites/Enemies/Base Enemies/Level 2/Chocolate Charger - 1st stage.png using Guid(f441e2587c9b15341960af6d6332e74a) Importer(815301076,1909f56bfc062723c751e8b465ee728b)  -> (artifact id: '741910b4eefe231dba6aead369fc88bf') in 0.012335 seconds
Number of updated asset objects reloaded before import = 0
Number of asset objects unloaded after import = 3
========================================================================
Received Import Request.
  Time since last request: 0.000144 seconds.
  path: Assets/Art/Sprites/Enemies/Base Enemies/Level 2/JukingJellybean.png
  artifactKey: Guid(f11ab197a0b05624a9af1ffe4d774845) Importer(815301076,1909f56bfc062723c751e8b465ee728b)
Start importing Assets/Art/Sprites/Enemies/Base Enemies/Level 2/JukingJellybean.png using Guid(f11ab197a0b05624a9af1ffe4d774845) Importer(815301076,1909f56bfc062723c751e8b465ee728b)  -> (artifact id: '102c18679f5a62c1495f60c4e069a40d') in 0.006646 seconds
Number of updated asset objects reloaded before import = 0
Number of asset objects unloaded after import = 3
========================================================================
Received Import Request.
  Time since last request: 0.000079 seconds.
  path: Assets/Art/Sprites/Enemies/Base Enemies/Level 2/SlowliPop.png
  artifactKey: Guid(cca303fa27721ed43bfff4a9a6533f22) Importer(815301076,1909f56bfc062723c751e8b465ee728b)
Start importing Assets/Art/Sprites/Enemies/Base Enemies/Level 2/SlowliPop.png using Guid(cca303fa27721ed43bfff4a9a6533f22) Importer(815301076,1909f56bfc062723c751e8b465ee728b)  -> (artifact id: 'e33658f1a3e2c6584a844bb4a18fb10b') in 0.005827 seconds
Number of updated asset objects reloaded before import = 0
Number of asset objects unloaded after import = 3
========================================================================
Received Import Request.
  Time since last request: 5.535727 seconds.
  path: Assets/Art/Prefabs/PathPlot.prefab
  artifactKey: Guid(85b0005be92ca934f96d30fef4d8fdd5) Importer(815301076,1909f56bfc062723c751e8b465ee728b)
Start importing Assets/Art/Prefabs/PathPlot.prefab using Guid(85b0005be92ca934f96d30fef4d8fdd5) Importer(815301076,1909f56bfc062723c751e8b465ee728b)  -> (artifact id: 'ef83e5468a1a9661ba890f23170b23c5') in 0.094921 seconds
Number of updated asset objects reloaded before import = 0
Number of asset objects unloaded after import = 9
========================================================================
Received Import Request.
  Time since last request: 0.792055 seconds.
  path: Assets/Art/Prefabs/Enemies
  artifactKey: Guid(ca15e938220f26d44abe54fa8e996919) Importer(815301076,1909f56bfc062723c751e8b465ee728b)
Start importing Assets/Art/Prefabs/Enemies using Guid(ca15e938220f26d44abe54fa8e996919) Importer(815301076,1909f56bfc062723c751e8b465ee728b)  -> (artifact id: '53d976382af6163fe08b412e9a7fb109') in 0.000604 seconds
Number of updated asset objects reloaded before import = 0
Number of asset objects unloaded after import = 0
========================================================================
Received Import Request.
  Time since last request: 1.163839 seconds.
  path: Assets/Art/Prefabs/Enemies/Base Enemies
  artifactKey: Guid(20d28cdb95dc2dd408faab9f723d9bee) Importer(815301076,1909f56bfc062723c751e8b465ee728b)
Start importing Assets/Art/Prefabs/Enemies/Base Enemies using Guid(20d28cdb95dc2dd408faab9f723d9bee) Importer(815301076,1909f56bfc062723c751e8b465ee728b)  -> (artifact id: '651f4767e4ae7b7669ba8b66821530a8') in 0.000532 seconds
Number of updated asset objects reloaded before import = 0
Number of asset objects unloaded after import = 0
========================================================================
Received Import Request.
  Time since last request: 0.102167 seconds.
  path: Assets/Art/Prefabs/Enemies/Base Enemies/Chocolate Charger.prefab
  artifactKey: Guid(d2b8d7be94577234cbcfa81de333d838) Importer(815301076,1909f56bfc062723c751e8b465ee728b)
Start importing Assets/Art/Prefabs/Enemies/Base Enemies/Chocolate Charger.prefab using Guid(d2b8d7be94577234cbcfa81de333d838) Importer(815301076,1909f56bfc062723c751e8b465ee728b)  -> (artifact id: '9110592c4d39d592ed730e3bff7e77ed') in 0.017428 seconds
Number of updated asset objects reloaded before import = 0
Number of asset objects unloaded after import = 16
========================================================================
Received Import Request.
  Time since last request: 0.000065 seconds.
  path: Assets/Art/Prefabs/Enemies/Base Enemies/Devilish Donut.prefab
  artifactKey: Guid(dd9f940d6830c8d49a88fbf54514da22) Importer(815301076,1909f56bfc062723c751e8b465ee728b)
Start importing Assets/Art/Prefabs/Enemies/Base Enemies/Devilish Donut.prefab using Guid(dd9f940d6830c8d49a88fbf54514da22) Importer(815301076,1909f56bfc062723c751e8b465ee728b)  -> (artifact id: 'fb195f8e9f9cd51e5d12fbc8cb075fa4') in 0.005374 seconds
Number of updated asset objects reloaded before import = 0
Number of asset objects unloaded after import = 11
========================================================================
Received Import Request.
  Time since last request: 0.000033 seconds.
  path: Assets/Art/Prefabs/Enemies/Base Enemies/Juking JellyBean.prefab
  artifactKey: Guid(338c9bb13c6c96449a60345d5c74b1d6) Importer(815301076,1909f56bfc062723c751e8b465ee728b)
Start importing Assets/Art/Prefabs/Enemies/Base Enemies/Juking JellyBean.prefab using Guid(338c9bb13c6c96449a60345d5c74b1d6) Importer(815301076,1909f56bfc062723c751e8b465ee728b)  -> (artifact id: '30cc20a41d2c957e97b369b94cc77e56') in 0.004508 seconds
Number of updated asset objects reloaded before import = 0
Number of asset objects unloaded after import = 12
========================================================================
Received Import Request.
  Time since last request: 0.000037 seconds.
  path: Assets/Art/Prefabs/Enemies/Base Enemies/SlowliPop.prefab
  artifactKey: Guid(207a5aaf21449ed43ae52548090f9776) Importer(815301076,1909f56bfc062723c751e8b465ee728b)
Start importing Assets/Art/Prefabs/Enemies/Base Enemies/SlowliPop.prefab using Guid(207a5aaf21449ed43ae52548090f9776) Importer(815301076,1909f56bfc062723c751e8b465ee728b)  -> (artifact id: 'de76f2fdadbd02043c5f106c4bd80c7f') in 0.005092 seconds
Number of updated asset objects reloaded before import = 0
Number of asset objects unloaded after import = 16
========================================================================
Received Import Request.
  Time since last request: 0.000088 seconds.
  path: Assets/Art/Prefabs/Enemies/Base Enemies/Muscle Milk.prefab
  artifactKey: Guid(0a59a6f6902544bcbaa499baf53edc88) Importer(815301076,1909f56bfc062723c751e8b465ee728b)
Start importing Assets/Art/Prefabs/Enemies/Base Enemies/Muscle Milk.prefab using Guid(0a59a6f6902544bcbaa499baf53edc88) Importer(815301076,1909f56bfc062723c751e8b465ee728b)  -> (artifact id: 'bb40d90bbb066c4a880ab76215848898') in 0.004419 seconds
Number of updated asset objects reloaded before import = 0
Number of asset objects unloaded after import = 12
========================================================================
Received Prepare
Begin MonoManager ReloadAssembly
Thread 0x301a8b000 may have been prematurely finalized
Symbol file LoadedFromMemory is not a mono symbol file
- Loaded All Assemblies, in  0.272 seconds
Refreshing native plugins compatible for Editor in 0.43 ms, found 1 plugins.
Native extension for OSXStandalone target not found
Mono: successfully reloaded assembly
- Finished resetting the current domain, in  0.325 seconds
Domain Reload Profiling: 598ms
	BeginReloadAssembly (116ms)
		ExecutionOrderSort (0ms)
		DisableScriptedObjects (4ms)
		BackupInstance (0ms)
		ReleaseScriptingObjects (0ms)
		CreateAndSetChildDomain (24ms)
	RebuildCommonClasses (22ms)
	RebuildNativeTypeToScriptingClass (7ms)
	initialDomainReloadingComplete (12ms)
	LoadAllAssembliesAndSetupDomain (115ms)
		LoadAssemblies (174ms)
		RebuildTransferFunctionScriptingTraits (0ms)
		AnalyzeDomain (6ms)
			TypeCache.Refresh (4ms)
				TypeCache.ScanAssembly (0ms)
			ScanForSourceGeneratedMonoScriptInfo (0ms)
			ResolveRequiredComponents (2ms)
	FinalizeReload (325ms)
		ReleaseScriptCaches (0ms)
		RebuildScriptCaches (0ms)
		SetupLoadedEditorAssemblies (123ms)
			LogAssemblyErrors (0ms)
			InitializePlatformSupportModulesInManaged (2ms)
			SetLoadedEditorAssemblies (2ms)
			RefreshPlugins (0ms)
			BeforeProcessingInitializeOnLoad (22ms)
			ProcessInitializeOnLoadAttributes (74ms)
			ProcessInitializeOnLoadMethodAttributes (23ms)
			AfterProcessingInitializeOnLoad (1ms)
			EditorAssembliesLoaded (0ms)
		ExecutionOrderSort2 (0ms)
		AwakeInstancesAfterBackupRestoration (2ms)
Refreshing native plugins compatible for Editor in 0.63 ms, found 1 plugins.
Preloading 0 native plugins for Editor in 0.00 ms.
Unloading 1213 Unused Serialized files (Serialized files now loaded: 0)
Unloading 15 unused Assets / (26.3 KB). Loaded Objects now: 1771.
Memory consumption went from 88.9 MB to 88.9 MB.
Total: 2.279958 ms (FindLiveObjects: 0.062416 ms CreateObjectMapping: 0.021084 ms MarkObjects: 2.170916 ms  DeleteObjects: 0.025333 ms)

Prepare: number of updated asset objects reloaded= 0
AssetImportParameters requested are different than current active one (requested -> active):
  custom:video-encoder-webm-vp8: eb34c28f22e8b96e1ab97ce403110664 -> 
  custom:video-decoder-webm-vp8: 9c59270c3fd7afecdb556c50c9e8de78 -> 
  custom:audio-decoder-ogg-vorbis: bf7c407c2cedff20999df2af8eb42d56 -> 
  custom:SearchIndexIgnoredProperties: e643bd26f0fe6173181afceb89e7c659 -> 
  custom:container-demuxer-ogg: 62fdf1f143b41e24485cea50d1cbac27 -> 
  custom:AudioImporter_EditorPlatform: 3918e3fc78b5a79bad01e8451be0beb8 -> 
  custom:CustomObjectIndexerAttribute: 756ad292c208cfabdd7b50bc23989ffe -> 
  custom:container-demuxer-webm: 4f35f7cbe854078d1ac9338744f61a02 -> 
  custom:video-decoder-ogg-theora: a1e56fd34408186e4bbccfd4996cb3dc -> 
  custom:audio-encoder-webm-vorbis: bf7c407c2cedff20999df2af8eb42d56 -> 
  custom:framework-osx-AVFoundation: e770b220cccbd017edd2c1fefb359320 -> 
  custom:container-muxer-webm: aa71ff27fc2769a1b78a27578f13a17b -> 
========================================================================
Received Prepare
Refreshing native plugins compatible for Editor in 0.59 ms, found 1 plugins.
Preloading 0 native plugins for Editor in 0.00 ms.
Unloading 1 Unused Serialized files (Serialized files now loaded: 0)
Unloading 1 unused Assets / (3.0 KB). Loaded Objects now: 1771.
Memory consumption went from 70.1 MB to 70.1 MB.
Total: 2.016791 ms (FindLiveObjects: 0.056708 ms CreateObjectMapping: 0.016125 ms MarkObjects: 1.935791 ms  DeleteObjects: 0.007959 ms)

Prepare: number of updated asset objects reloaded= 0
AssetImportParameters requested are different than current active one (requested -> active):
  custom:video-encoder-webm-vp8: eb34c28f22e8b96e1ab97ce403110664 -> 
  custom:video-decoder-webm-vp8: 9c59270c3fd7afecdb556c50c9e8de78 -> 
  custom:audio-decoder-ogg-vorbis: bf7c407c2cedff20999df2af8eb42d56 -> 
  custom:SearchIndexIgnoredProperties: e643bd26f0fe6173181afceb89e7c659 -> 
  custom:container-demuxer-ogg: 62fdf1f143b41e24485cea50d1cbac27 -> 
  custom:AudioImporter_EditorPlatform: 3918e3fc78b5a79bad01e8451be0beb8 -> 
  custom:CustomObjectIndexerAttribute: 756ad292c208cfabdd7b50bc23989ffe -> 
  custom:container-demuxer-webm: 4f35f7cbe854078d1ac9338744f61a02 -> 
  custom:video-decoder-ogg-theora: a1e56fd34408186e4bbccfd4996cb3dc -> 
  custom:audio-encoder-webm-vorbis: bf7c407c2cedff20999df2af8eb42d56 -> 
  custom:framework-osx-AVFoundation: e770b220cccbd017edd2c1fefb359320 -> 
  custom:container-muxer-webm: aa71ff27fc2769a1b78a27578f13a17b -> 
========================================================================
Received Prepare
Refreshing native plugins compatible for Editor in 0.73 ms, found 1 plugins.
Preloading 0 native plugins for Editor in 0.00 ms.
Unloading 1 Unused Serialized files (Serialized files now loaded: 0)
Unloading 1 unused Assets / (3.0 KB). Loaded Objects now: 1771.
Memory consumption went from 69.7 MB to 69.7 MB.
Total: 10.967667 ms (FindLiveObjects: 0.207000 ms CreateObjectMapping: 0.018417 ms MarkObjects: 10.574250 ms  DeleteObjects: 0.167417 ms)

Prepare: number of updated asset objects reloaded= 0
AssetImportParameters requested are different than current active one (requested -> active):
  custom:video-encoder-webm-vp8: eb34c28f22e8b96e1ab97ce403110664 -> 
  custom:video-decoder-webm-vp8: 9c59270c3fd7afecdb556c50c9e8de78 -> 
  custom:audio-decoder-ogg-vorbis: bf7c407c2cedff20999df2af8eb42d56 -> 
  custom:SearchIndexIgnoredProperties: e643bd26f0fe6173181afceb89e7c659 -> 
  custom:container-demuxer-ogg: 62fdf1f143b41e24485cea50d1cbac27 -> 
  custom:AudioImporter_EditorPlatform: 3918e3fc78b5a79bad01e8451be0beb8 -> 
  custom:CustomObjectIndexerAttribute: 756ad292c208cfabdd7b50bc23989ffe -> 
  custom:container-demuxer-webm: 4f35f7cbe854078d1ac9338744f61a02 -> 
  custom:video-decoder-ogg-theora: a1e56fd34408186e4bbccfd4996cb3dc -> 
  custom:audio-encoder-webm-vorbis: bf7c407c2cedff20999df2af8eb42d56 -> 
  custom:framework-osx-AVFoundation: e770b220cccbd017edd2c1fefb359320 -> 
  custom:container-muxer-webm: aa71ff27fc2769a1b78a27578f13a17b -> 
========================================================================
Received Prepare
Refreshing native plugins compatible for Editor in 0.59 ms, found 1 plugins.
Preloading 0 native plugins for Editor in 0.00 ms.
Unloading 1 Unused Serialized files (Serialized files now loaded: 0)
Unloading 1 unused Assets / (3.0 KB). Loaded Objects now: 1771.
Memory consumption went from 69.4 MB to 69.4 MB.
Total: 5.026125 ms (FindLiveObjects: 0.108375 ms CreateObjectMapping: 0.017042 ms MarkObjects: 4.866125 ms  DeleteObjects: 0.034167 ms)

Prepare: number of updated asset objects reloaded= 0
AssetImportParameters requested are different than current active one (requested -> active):
  custom:video-encoder-webm-vp8: eb34c28f22e8b96e1ab97ce403110664 -> 
  custom:video-decoder-webm-vp8: 9c59270c3fd7afecdb556c50c9e8de78 -> 
  custom:audio-decoder-ogg-vorbis: bf7c407c2cedff20999df2af8eb42d56 -> 
  custom:SearchIndexIgnoredProperties: e643bd26f0fe6173181afceb89e7c659 -> 
  custom:container-demuxer-ogg: 62fdf1f143b41e24485cea50d1cbac27 -> 
  custom:AudioImporter_EditorPlatform: 3918e3fc78b5a79bad01e8451be0beb8 -> 
  custom:CustomObjectIndexerAttribute: 756ad292c208cfabdd7b50bc23989ffe -> 
  custom:container-demuxer-webm: 4f35f7cbe854078d1ac9338744f61a02 -> 
  custom:video-decoder-ogg-theora: a1e56fd34408186e4bbccfd4996cb3dc -> 
  custom:audio-encoder-webm-vorbis: bf7c407c2cedff20999df2af8eb42d56 -> 
  custom:framework-osx-AVFoundation: e770b220cccbd017edd2c1fefb359320 -> 
  custom:container-muxer-webm: aa71ff27fc2769a1b78a27578f13a17b -> 
========================================================================
Received Import Request.
  Time since last request: 223.069829 seconds.
  path: Assets/Art/Prefabs/Enemies/Base Enemies/Chocolate Charger.prefab
  artifactKey: Guid(d2b8d7be94577234cbcfa81de333d838) Importer(815301076,1909f56bfc062723c751e8b465ee728b)
Start importing Assets/Art/Prefabs/Enemies/Base Enemies/Chocolate Charger.prefab using Guid(d2b8d7be94577234cbcfa81de333d838) Importer(815301076,1909f56bfc062723c751e8b465ee728b)  -> (artifact id: '947290535b39fc7b795c347449f3d7b5') in 0.071106 seconds
Number of updated asset objects reloaded before import = 0
Number of asset objects unloaded after import = 16
========================================================================
Received Import Request.
  Time since last request: 3.011394 seconds.
  path: Assets/Art/Prefabs/Enemies/Base Enemies/Chocolate Charger.prefab
  artifactKey: Guid(d2b8d7be94577234cbcfa81de333d838) Importer(815301076,1909f56bfc062723c751e8b465ee728b)
Start importing Assets/Art/Prefabs/Enemies/Base Enemies/Chocolate Charger.prefab using Guid(d2b8d7be94577234cbcfa81de333d838) Importer(815301076,1909f56bfc062723c751e8b465ee728b)  -> (artifact id: '5a8c76a690a90c2fa7f8719b5a497249') in 0.008089 seconds
Number of updated asset objects reloaded before import = 0
Number of asset objects unloaded after import = 16
========================================================================
Received Import Request.
  Time since last request: 3.630436 seconds.
  path: Assets/Art/Prefabs/Enemies/Base Enemies/Chocolate Charger.prefab
  artifactKey: Guid(d2b8d7be94577234cbcfa81de333d838) Importer(815301076,1909f56bfc062723c751e8b465ee728b)
Start importing Assets/Art/Prefabs/Enemies/Base Enemies/Chocolate Charger.prefab using Guid(d2b8d7be94577234cbcfa81de333d838) Importer(815301076,1909f56bfc062723c751e8b465ee728b)  -> (artifact id: '81aa419607951cbf152bb7577b3f6d4e') in 0.010627 seconds
Number of updated asset objects reloaded before import = 0
Number of asset objects unloaded after import = 16
========================================================================
Received Import Request.
  Time since last request: 2.610709 seconds.
  path: Assets/Art/Prefabs/Enemies/Base Enemies/Chocolate Charger.prefab
  artifactKey: Guid(d2b8d7be94577234cbcfa81de333d838) Importer(815301076,1909f56bfc062723c751e8b465ee728b)
Start importing Assets/Art/Prefabs/Enemies/Base Enemies/Chocolate Charger.prefab using Guid(d2b8d7be94577234cbcfa81de333d838) Importer(815301076,1909f56bfc062723c751e8b465ee728b)  -> (artifact id: 'cabcab82cd2c12bb86a5fdabccf7fb44') in 0.011541 seconds
Number of updated asset objects reloaded before import = 0
Number of asset objects unloaded after import = 16
========================================================================
Received Prepare
Refreshing native plugins compatible for Editor in 0.62 ms, found 1 plugins.
Preloading 0 native plugins for Editor in 0.00 ms.
Unloading 0 Unused Serialized files (Serialized files now loaded: 0)
Unloading 1 unused Assets / (0.8 KB). Loaded Objects now: 1772.
Memory consumption went from 69.4 MB to 69.4 MB.
Total: 2.515250 ms (FindLiveObjects: 0.060291 ms CreateObjectMapping: 0.017167 ms MarkObjects: 2.428542 ms  DeleteObjects: 0.008917 ms)

Prepare: number of updated asset objects reloaded= 0
AssetImportParameters requested are different than current active one (requested -> active):
  custom:video-encoder-webm-vp8: eb34c28f22e8b96e1ab97ce403110664 -> 
  custom:video-decoder-webm-vp8: 9c59270c3fd7afecdb556c50c9e8de78 -> 
  custom:audio-decoder-ogg-vorbis: bf7c407c2cedff20999df2af8eb42d56 -> 
  custom:SearchIndexIgnoredProperties: e643bd26f0fe6173181afceb89e7c659 -> 
  custom:container-demuxer-ogg: 62fdf1f143b41e24485cea50d1cbac27 -> 
  custom:AudioImporter_EditorPlatform: 3918e3fc78b5a79bad01e8451be0beb8 -> 
  custom:CustomObjectIndexerAttribute: 756ad292c208cfabdd7b50bc23989ffe -> 
  custom:container-demuxer-webm: 4f35f7cbe854078d1ac9338744f61a02 -> 
  custom:video-decoder-ogg-theora: a1e56fd34408186e4bbccfd4996cb3dc -> 
  custom:audio-encoder-webm-vorbis: bf7c407c2cedff20999df2af8eb42d56 -> 
  custom:framework-osx-AVFoundation: e770b220cccbd017edd2c1fefb359320 -> 
  custom:container-muxer-webm: aa71ff27fc2769a1b78a27578f13a17b -> 
========================================================================
Received Import Request.
  Time since last request: 49.559565 seconds.
  path: Assets/Art/Prefabs/Enemies/Base Enemies/Chocolate Charger.prefab
  artifactKey: Guid(d2b8d7be94577234cbcfa81de333d838) Importer(815301076,1909f56bfc062723c751e8b465ee728b)
Start importing Assets/Art/Prefabs/Enemies/Base Enemies/Chocolate Charger.prefab using Guid(d2b8d7be94577234cbcfa81de333d838) Importer(815301076,1909f56bfc062723c751e8b465ee728b)  -> (artifact id: 'd61d9b121ce62f93fdcfc974451cea14') in 0.030643 seconds
Number of updated asset objects reloaded before import = 0
Number of asset objects unloaded after import = 16
========================================================================
Received Prepare
Refreshing native plugins compatible for Editor in 0.62 ms, found 1 plugins.
Preloading 0 native plugins for Editor in 0.00 ms.
Unloading 0 Unused Serialized files (Serialized files now loaded: 0)
Unloading 1 unused Assets / (0.8 KB). Loaded Objects now: 1772.
Memory consumption went from 69.1 MB to 69.1 MB.
Total: 5.228791 ms (FindLiveObjects: 0.061750 ms CreateObjectMapping: 0.017791 ms MarkObjects: 5.131792 ms  DeleteObjects: 0.017084 ms)

Prepare: number of updated asset objects reloaded= 0
AssetImportParameters requested are different than current active one (requested -> active):
  custom:video-encoder-webm-vp8: eb34c28f22e8b96e1ab97ce403110664 -> 
  custom:video-decoder-webm-vp8: 9c59270c3fd7afecdb556c50c9e8de78 -> 
  custom:audio-decoder-ogg-vorbis: bf7c407c2cedff20999df2af8eb42d56 -> 
  custom:SearchIndexIgnoredProperties: e643bd26f0fe6173181afceb89e7c659 -> 
  custom:container-demuxer-ogg: 62fdf1f143b41e24485cea50d1cbac27 -> 
  custom:AudioImporter_EditorPlatform: 3918e3fc78b5a79bad01e8451be0beb8 -> 
  custom:CustomObjectIndexerAttribute: 756ad292c208cfabdd7b50bc23989ffe -> 
  custom:container-demuxer-webm: 4f35f7cbe854078d1ac9338744f61a02 -> 
  custom:video-decoder-ogg-theora: a1e56fd34408186e4bbccfd4996cb3dc -> 
  custom:audio-encoder-webm-vorbis: bf7c407c2cedff20999df2af8eb42d56 -> 
  custom:framework-osx-AVFoundation: e770b220cccbd017edd2c1fefb359320 -> 
  custom:container-muxer-webm: aa71ff27fc2769a1b78a27578f13a17b -> 
========================================================================
Received Prepare
Refreshing native plugins compatible for Editor in 0.62 ms, found 1 plugins.
Preloading 0 native plugins for Editor in 0.00 ms.
Unloading 1 Unused Serialized files (Serialized files now loaded: 0)
Unloading 1 unused Assets / (3.1 KB). Loaded Objects now: 1772.
Memory consumption went from 69.1 MB to 69.1 MB.
Total: 8.584625 ms (FindLiveObjects: 0.119042 ms CreateObjectMapping: 0.016916 ms MarkObjects: 8.412542 ms  DeleteObjects: 0.035625 ms)

Prepare: number of updated asset objects reloaded= 0
AssetImportParameters requested are different than current active one (requested -> active):
  custom:video-encoder-webm-vp8: eb34c28f22e8b96e1ab97ce403110664 -> 
  custom:video-decoder-webm-vp8: 9c59270c3fd7afecdb556c50c9e8de78 -> 
  custom:audio-decoder-ogg-vorbis: bf7c407c2cedff20999df2af8eb42d56 -> 
  custom:SearchIndexIgnoredProperties: e643bd26f0fe6173181afceb89e7c659 -> 
  custom:container-demuxer-ogg: 62fdf1f143b41e24485cea50d1cbac27 -> 
  custom:AudioImporter_EditorPlatform: 3918e3fc78b5a79bad01e8451be0beb8 -> 
  custom:CustomObjectIndexerAttribute: 756ad292c208cfabdd7b50bc23989ffe -> 
  custom:container-demuxer-webm: 4f35f7cbe854078d1ac9338744f61a02 -> 
  custom:video-decoder-ogg-theora: a1e56fd34408186e4bbccfd4996cb3dc -> 
  custom:audio-encoder-webm-vorbis: bf7c407c2cedff20999df2af8eb42d56 -> 
  custom:framework-osx-AVFoundation: e770b220cccbd017edd2c1fefb359320 -> 
  custom:container-muxer-webm: aa71ff27fc2769a1b78a27578f13a17b -> 
========================================================================
Received Prepare
Refreshing native plugins compatible for Editor in 0.42 ms, found 1 plugins.
Preloading 0 native plugins for Editor in 0.00 ms.
Unloading 1 Unused Serialized files (Serialized files now loaded: 0)
Unloading 1 unused Assets / (3.0 KB). Loaded Objects now: 1772.
Memory consumption went from 68.9 MB to 68.9 MB.
Total: 5.145959 ms (FindLiveObjects: 0.103917 ms CreateObjectMapping: 0.016083 ms MarkObjects: 4.997458 ms  DeleteObjects: 0.028250 ms)

Prepare: number of updated asset objects reloaded= 0
AssetImportParameters requested are different than current active one (requested -> active):
  custom:video-encoder-webm-vp8: eb34c28f22e8b96e1ab97ce403110664 -> 
  custom:video-decoder-webm-vp8: 9c59270c3fd7afecdb556c50c9e8de78 -> 
  custom:audio-decoder-ogg-vorbis: bf7c407c2cedff20999df2af8eb42d56 -> 
  custom:SearchIndexIgnoredProperties: e643bd26f0fe6173181afceb89e7c659 -> 
  custom:container-demuxer-ogg: 62fdf1f143b41e24485cea50d1cbac27 -> 
  custom:AudioImporter_EditorPlatform: 3918e3fc78b5a79bad01e8451be0beb8 -> 
  custom:CustomObjectIndexerAttribute: 756ad292c208cfabdd7b50bc23989ffe -> 
  custom:container-demuxer-webm: 4f35f7cbe854078d1ac9338744f61a02 -> 
  custom:video-decoder-ogg-theora: a1e56fd34408186e4bbccfd4996cb3dc -> 
  custom:audio-encoder-webm-vorbis: bf7c407c2cedff20999df2af8eb42d56 -> 
  custom:framework-osx-AVFoundation: e770b220cccbd017edd2c1fefb359320 -> 
  custom:container-muxer-webm: aa71ff27fc2769a1b78a27578f13a17b -> 
