Using pre-set license
Built from '2022.3/staging' branch; Version is '2022.3.8f1 (b5eafc012955) revision 11922172'; Using compiler version '192829333'; Build Type 'Release'
OS: 'Windows 10  (10.0.19045) 64bit Core' Language: 'en' Physical Memory: 16276 MB
BatchMode: 1, IsHumanControllingUs: 0, StartBugReporterOnCrash: 0, Is64bit: 1, IsPro: 1

COMMAND LINE ARGUMENTS:
D:\Downloads\2022.3.8f1\Editor\Unity.exe
-adb2
-batchMode
-noUpm
-name
AssetImportWorker5
-projectPath
C:/Users/adaml/Downloads/CS-328-TDProject/TDGame
-logFile
Logs/AssetImportWorker5.log
-srvPort
55109
Successfully changed project path to: C:/Users/adaml/Downloads/CS-328-TDProject/TDGame
C:/Users/adaml/Downloads/CS-328-TDProject/TDGame
[UnityMemory] Configuration Parameters - Can be set up in boot.config
    "memorysetup-bucket-allocator-granularity=16"
    "memorysetup-bucket-allocator-bucket-count=8"
    "memorysetup-bucket-allocator-block-size=33554432"
    "memorysetup-bucket-allocator-block-count=8"
    "memorysetup-main-allocator-block-size=16777216"
    "memorysetup-thread-allocator-block-size=16777216"
    "memorysetup-gfx-main-allocator-block-size=16777216"
    "memorysetup-gfx-thread-allocator-block-size=16777216"
    "memorysetup-cache-allocator-block-size=4194304"
    "memorysetup-typetree-allocator-block-size=2097152"
    "memorysetup-profiler-bucket-allocator-granularity=16"
    "memorysetup-profiler-bucket-allocator-bucket-count=8"
    "memorysetup-profiler-bucket-allocator-block-size=33554432"
    "memorysetup-profiler-bucket-allocator-block-count=8"
    "memorysetup-profiler-allocator-block-size=16777216"
    "memorysetup-profiler-editor-allocator-block-size=1048576"
    "memorysetup-temp-allocator-size-main=16777216"
    "memorysetup-job-temp-allocator-block-size=2097152"
    "memorysetup-job-temp-allocator-block-size-background=1048576"
    "memorysetup-job-temp-allocator-reduction-small-platforms=262144"
    "memorysetup-allocator-temp-initial-block-size-main=262144"
    "memorysetup-allocator-temp-initial-block-size-worker=262144"
    "memorysetup-temp-allocator-size-background-worker=32768"
    "memorysetup-temp-allocator-size-job-worker=262144"
    "memorysetup-temp-allocator-size-preload-manager=33554432"
    "memorysetup-temp-allocator-size-nav-mesh-worker=65536"
    "memorysetup-temp-allocator-size-audio-worker=65536"
    "memorysetup-temp-allocator-size-cloud-worker=32768"
    "memorysetup-temp-allocator-size-gi-baking-worker=262144"
    "memorysetup-temp-allocator-size-gfx=262144"
Player connection [32748] Host "[IP] 192.168.0.140 [Port] 0 [Flags] 2 [Guid] 1817797482 [EditorId] 1817797482 [Version] 1048832 [Id] WindowsEditor(7,SnbbpsyPC) [Debug] 1 [PackageName] WindowsEditor [ProjectName] Editor" joined multi-casting on [225.0.0.222:54997]...

Player connection [32748] Host "[IP] 192.168.0.140 [Port] 0 [Flags] 2 [Guid] 1817797482 [EditorId] 1817797482 [Version] 1048832 [Id] WindowsEditor(7,SnbbpsyPC) [Debug] 1 [PackageName] WindowsEditor [ProjectName] Editor" joined alternative multi-casting on [225.0.0.222:34997]...

[Physics::Module] Initialized MultithreadedJobDispatcher with 11 workers.
Refreshing native plugins compatible for Editor in 6.70 ms, found 0 plugins.
Preloading 0 native plugins for Editor in 0.00 ms.
Initialize engine version: 2022.3.8f1 (b5eafc012955)
[Subsystems] Discovering subsystems at path D:/Downloads/2022.3.8f1/Editor/Data/Resources/UnitySubsystems
[Subsystems] Discovering subsystems at path C:/Users/adaml/Downloads/CS-328-TDProject/TDGame/Assets
GfxDevice: creating device client; threaded=0; jobified=0
Direct3D:
    Version:  Direct3D 11.0 [level 11.1]
    Renderer: NVIDIA GeForce GTX 1660 Ti (ID=0x2182)
    Vendor:   NVIDIA
    VRAM:     5966 MB
    Driver:   31.0.15.5222
Initialize mono
Mono path[0] = 'D:/Downloads/2022.3.8f1/Editor/Data/Managed'
Mono path[1] = 'D:/Downloads/2022.3.8f1/Editor/Data/MonoBleedingEdge/lib/mono/unityjit-win32'
Mono config path = 'D:/Downloads/2022.3.8f1/Editor/Data/MonoBleedingEdge/etc'
Using monoOptions --debugger-agent=transport=dt_socket,embedding=1,server=y,suspend=n,address=127.0.0.1:56172
Begin MonoManager ReloadAssembly
Registering precompiled unity dll's ...
Register platform support module: D:/Downloads/2022.3.8f1/Editor/Data/PlaybackEngines/WindowsStandaloneSupport/UnityEditor.WindowsStandalone.Extensions.dll
Registered in 0.005150 seconds.
- Loaded All Assemblies, in  0.366 seconds
Native extension for WindowsStandalone target not found
Mono: successfully reloaded assembly
- Finished resetting the current domain, in  0.290 seconds
Domain Reload Profiling: 656ms
	BeginReloadAssembly (110ms)
		ExecutionOrderSort (0ms)
		DisableScriptedObjects (0ms)
		BackupInstance (0ms)
		ReleaseScriptingObjects (0ms)
		CreateAndSetChildDomain (1ms)
	RebuildCommonClasses (39ms)
	RebuildNativeTypeToScriptingClass (13ms)
	initialDomainReloadingComplete (51ms)
	LoadAllAssembliesAndSetupDomain (153ms)
		LoadAssemblies (109ms)
		RebuildTransferFunctionScriptingTraits (0ms)
		AnalyzeDomain (151ms)
			TypeCache.Refresh (149ms)
				TypeCache.ScanAssembly (135ms)
			ScanForSourceGeneratedMonoScriptInfo (0ms)
			ResolveRequiredComponents (1ms)
	FinalizeReload (291ms)
		ReleaseScriptCaches (0ms)
		RebuildScriptCaches (0ms)
		SetupLoadedEditorAssemblies (224ms)
			LogAssemblyErrors (0ms)
			InitializePlatformSupportModulesInManaged (9ms)
			SetLoadedEditorAssemblies (9ms)
			RefreshPlugins (0ms)
			BeforeProcessingInitializeOnLoad (3ms)
			ProcessInitializeOnLoadAttributes (146ms)
			ProcessInitializeOnLoadMethodAttributes (58ms)
			AfterProcessingInitializeOnLoad (0ms)
			EditorAssembliesLoaded (0ms)
		ExecutionOrderSort2 (0ms)
		AwakeInstancesAfterBackupRestoration (0ms)
========================================================================
Worker process is ready to serve import requests
Begin MonoManager ReloadAssembly
Symbol file LoadedFromMemory is not a mono symbol file
- Loaded All Assemblies, in  0.469 seconds
Refreshing native plugins compatible for Editor in 2.73 ms, found 0 plugins.
Native extension for WindowsStandalone target not found
Mono: successfully reloaded assembly
- Finished resetting the current domain, in  0.402 seconds
Domain Reload Profiling: 869ms
	BeginReloadAssembly (151ms)
		ExecutionOrderSort (0ms)
		DisableScriptedObjects (6ms)
		BackupInstance (0ms)
		ReleaseScriptingObjects (0ms)
		CreateAndSetChildDomain (23ms)
	RebuildCommonClasses (38ms)
	RebuildNativeTypeToScriptingClass (11ms)
	initialDomainReloadingComplete (39ms)
	LoadAllAssembliesAndSetupDomain (228ms)
		LoadAssemblies (258ms)
		RebuildTransferFunctionScriptingTraits (0ms)
		AnalyzeDomain (58ms)
			TypeCache.Refresh (45ms)
				TypeCache.ScanAssembly (32ms)
			ScanForSourceGeneratedMonoScriptInfo (9ms)
			ResolveRequiredComponents (3ms)
	FinalizeReload (402ms)
		ReleaseScriptCaches (0ms)
		RebuildScriptCaches (0ms)
		SetupLoadedEditorAssemblies (244ms)
			LogAssemblyErrors (0ms)
			InitializePlatformSupportModulesInManaged (5ms)
			SetLoadedEditorAssemblies (4ms)
			RefreshPlugins (0ms)
			BeforeProcessingInitializeOnLoad (52ms)
			ProcessInitializeOnLoadAttributes (142ms)
			ProcessInitializeOnLoadMethodAttributes (36ms)
			AfterProcessingInitializeOnLoad (3ms)
			EditorAssembliesLoaded (0ms)
		ExecutionOrderSort2 (0ms)
		AwakeInstancesAfterBackupRestoration (7ms)
Launched and connected shader compiler UnityShaderCompiler.exe after 0.08 seconds
Refreshing native plugins compatible for Editor in 3.05 ms, found 0 plugins.
Preloading 0 native plugins for Editor in 0.00 ms.
Unloading 1140 Unused Serialized files (Serialized files now loaded: 0)
Unloading 19 unused Assets / (52.2 KB). Loaded Objects now: 1613.
Memory consumption went from 74.2 MB to 74.2 MB.
Total: 3.230700 ms (FindLiveObjects: 0.250300 ms CreateObjectMapping: 0.044000 ms MarkObjects: 2.830900 ms  DeleteObjects: 0.104200 ms)

AssetImportParameters requested are different than current active one (requested -> active):
  custom:video-encoder-webm-vp8: eb34c28f22e8b96e1ab97ce403110664 -> 
  custom:video-decoder-webm-vp8: 9c59270c3fd7afecdb556c50c9e8de78 -> 
  custom:audio-decoder-ogg-vorbis: bf7c407c2cedff20999df2af8eb42d56 -> 
  custom:SearchIndexIgnoredProperties: e643bd26f0fe6173181afceb89e7c659 -> 
  custom:container-demuxer-ogg: 62fdf1f143b41e24485cea50d1cbac27 -> 
  custom:AudioImporter_EditorPlatform: d09bf68614088b80899f8185d706f6e7 -> 
  custom:CustomObjectIndexerAttribute: 756ad292c208cfabdd7b50bc23989ffe -> 
  custom:container-demuxer-webm: 4f35f7cbe854078d1ac9338744f61a02 -> 
  custom:video-codec-MediaFoundation-h265: 746d11721c4dcdbdad8f713fa42b33f4 -> 
  custom:video-decoder-ogg-theora: a1e56fd34408186e4bbccfd4996cb3dc -> 
  custom:audio-encoder-webm-vorbis: bf7c407c2cedff20999df2af8eb42d56 -> 
  custom:framework-win-MediaFoundation: 216162199b28c13a410421893ffa2e32 -> 
  custom:container-muxer-webm: aa71ff27fc2769a1b78a27578f13a17b -> 
========================================================================
Received Import Request.
  Time since last request: 187243.774391 seconds.
  path: Assets/Art/Tiles/sheet_6.asset
  artifactKey: Guid(91555369e5dce4c4c882a7a5d0282753) Importer(2089858483,0ecaa5967403d082aa24f35e1b516d23)
Start importing Assets/Art/Tiles/sheet_6.asset using Guid(91555369e5dce4c4c882a7a5d0282753) Importer(2089858483,0ecaa5967403d082aa24f35e1b516d23) Generated GUIDs only implemented for interfaces!
 -> (artifact id: '1bd84c9808cf20d22e9579f5414853b5') in 0.165913 seconds
Number of updated asset objects reloaded before import = 0
Number of asset objects unloaded after import = 3
========================================================================
Received Import Request.
  Time since last request: 0.000027 seconds.
  path: Assets/Art/Tiles/sheet_48.asset
  artifactKey: Guid(294fd815303a82442b33106801d96952) Importer(2089858483,0ecaa5967403d082aa24f35e1b516d23)
Start importing Assets/Art/Tiles/sheet_48.asset using Guid(294fd815303a82442b33106801d96952) Importer(2089858483,0ecaa5967403d082aa24f35e1b516d23) Generated GUIDs only implemented for interfaces!
 -> (artifact id: 'b88655bd25c4859a68cfaa387e5305f4') in 0.015243 seconds
Number of updated asset objects reloaded before import = 0
Number of asset objects unloaded after import = 3
========================================================================
Received Import Request.
  Time since last request: 0.000019 seconds.
  path: Assets/Art/Tiles/sheet_52.asset
  artifactKey: Guid(a03ccb48d11ba75479299828e8f00296) Importer(2089858483,0ecaa5967403d082aa24f35e1b516d23)
Start importing Assets/Art/Tiles/sheet_52.asset using Guid(a03ccb48d11ba75479299828e8f00296) Importer(2089858483,0ecaa5967403d082aa24f35e1b516d23) Generated GUIDs only implemented for interfaces!
 -> (artifact id: '6d0b5fb6ed10383d34149bda24ff909a') in 0.013446 seconds
Number of updated asset objects reloaded before import = 0
Number of asset objects unloaded after import = 3
========================================================================
Received Import Request.
  Time since last request: 0.000015 seconds.
  path: Assets/Code/Scripts/BuildManager.cs
  artifactKey: Guid(01d3d88a8b8249e4aae1cae3b249e15d) Importer(2089858483,0ecaa5967403d082aa24f35e1b516d23)
Start importing Assets/Code/Scripts/BuildManager.cs using Guid(01d3d88a8b8249e4aae1cae3b249e15d) Importer(2089858483,0ecaa5967403d082aa24f35e1b516d23) Generated GUIDs only implemented for interfaces!
 -> (artifact id: '6d07054fe0b2e0ab92869ec33d899646') in 0.014590 seconds
Number of updated asset objects reloaded before import = 0
Number of asset objects unloaded after import = 1
========================================================================
Received Import Request.
  Time since last request: 0.000023 seconds.
  path: Assets/Art/Tiles/sheet_71.asset
  artifactKey: Guid(bb76c13144e90934fafe2fde7d6d2aff) Importer(2089858483,0ecaa5967403d082aa24f35e1b516d23)
Start importing Assets/Art/Tiles/sheet_71.asset using Guid(bb76c13144e90934fafe2fde7d6d2aff) Importer(2089858483,0ecaa5967403d082aa24f35e1b516d23) Generated GUIDs only implemented for interfaces!
 -> (artifact id: '115ee7a200f3de2b93bc63fd4947410b') in 0.013469 seconds
Number of updated asset objects reloaded before import = 0
Number of asset objects unloaded after import = 3
========================================================================
Received Import Request.
  Time since last request: 0.000018 seconds.
  path: Assets/Art/Tiles/sheet_53.asset
  artifactKey: Guid(3c5d98fb634672247be6d8e1e79650c0) Importer(2089858483,0ecaa5967403d082aa24f35e1b516d23)
Start importing Assets/Art/Tiles/sheet_53.asset using Guid(3c5d98fb634672247be6d8e1e79650c0) Importer(2089858483,0ecaa5967403d082aa24f35e1b516d23) Generated GUIDs only implemented for interfaces!
 -> (artifact id: '317d7792b8e52ba674ae48e5c1308e13') in 0.013677 seconds
Number of updated asset objects reloaded before import = 0
Number of asset objects unloaded after import = 3
========================================================================
Received Import Request.
  Time since last request: 0.000020 seconds.
  path: Assets/Art/Tiles/sheet_22.asset
  artifactKey: Guid(6a81e43a33958a94fbbb6b2d2288d1b8) Importer(2089858483,0ecaa5967403d082aa24f35e1b516d23)
Start importing Assets/Art/Tiles/sheet_22.asset using Guid(6a81e43a33958a94fbbb6b2d2288d1b8) Importer(2089858483,0ecaa5967403d082aa24f35e1b516d23) Generated GUIDs only implemented for interfaces!
 -> (artifact id: '7fe360bc934810da694f7eae489e9c53') in 0.016152 seconds
Number of updated asset objects reloaded before import = 0
Number of asset objects unloaded after import = 3
========================================================================
Received Import Request.
  Time since last request: 0.000017 seconds.
  path: Assets/Art/Prefabs/Devilish Donut.prefab
  artifactKey: Guid(dd9f940d6830c8d49a88fbf54514da22) Importer(2089858483,0ecaa5967403d082aa24f35e1b516d23)
Start importing Assets/Art/Prefabs/Devilish Donut.prefab using Guid(dd9f940d6830c8d49a88fbf54514da22) Importer(2089858483,0ecaa5967403d082aa24f35e1b516d23) Generated GUIDs only implemented for interfaces!
 -> (artifact id: '5259c0f5e3b948f0425cdfabb2d07835') in 0.038178 seconds
Number of updated asset objects reloaded before import = 0
Number of asset objects unloaded after import = 11
========================================================================
Received Import Request.
  Time since last request: 0.000018 seconds.
  path: Assets/Art/Sprites/bullet.png
  artifactKey: Guid(9c9d15afe76fd8c4da4baa98fd4ccb2b) Importer(2089858483,0ecaa5967403d082aa24f35e1b516d23)
Start importing Assets/Art/Sprites/bullet.png using Guid(9c9d15afe76fd8c4da4baa98fd4ccb2b) Importer(2089858483,0ecaa5967403d082aa24f35e1b516d23) Generated GUIDs only implemented for interfaces!
 -> (artifact id: 'eeb74322e4976ee2457f9a720c794972') in 0.058132 seconds
Number of updated asset objects reloaded before import = 0
Number of asset objects unloaded after import = 3
========================================================================
Received Import Request.
  Time since last request: 0.000015 seconds.
  path: Assets/Music/FastUiSounds/SFX_FastUiChangeOption_05_wav.wav
  artifactKey: Guid(2c41e1f7e8f00904aa9836c09b000b81) Importer(2089858483,0ecaa5967403d082aa24f35e1b516d23)
Start importing Assets/Music/FastUiSounds/SFX_FastUiChangeOption_05_wav.wav using Guid(2c41e1f7e8f00904aa9836c09b000b81) Importer(2089858483,0ecaa5967403d082aa24f35e1b516d23) Generated GUIDs only implemented for interfaces!
 -> (artifact id: '58f90ca79ddb565a1da9721147d871b6') in 0.074404 seconds
Number of updated asset objects reloaded before import = 0
Number of asset objects unloaded after import = 1
========================================================================
Received Import Request.
  Time since last request: 0.000027 seconds.
  path: Assets/Music/FastUiSounds/SFX_FastUiCheckBox_15_wav.wav
  artifactKey: Guid(0670b08eac4b9934899e3132a5fd2071) Importer(2089858483,0ecaa5967403d082aa24f35e1b516d23)
Start importing Assets/Music/FastUiSounds/SFX_FastUiCheckBox_15_wav.wav using Guid(0670b08eac4b9934899e3132a5fd2071) Importer(2089858483,0ecaa5967403d082aa24f35e1b516d23) Generated GUIDs only implemented for interfaces!
 -> (artifact id: '401a2b6a5aca224daab8a968014c91e6') in 0.072447 seconds
Number of updated asset objects reloaded before import = 0
Number of asset objects unloaded after import = 1
========================================================================
Received Import Request.
  Time since last request: 0.000029 seconds.
  path: Assets/Music/FastUiSounds/SFX_FastUiCheckBox_11_wav.wav
  artifactKey: Guid(8f8f5debd4a57ef46a232faa7ca2524a) Importer(2089858483,0ecaa5967403d082aa24f35e1b516d23)
Start importing Assets/Music/FastUiSounds/SFX_FastUiCheckBox_11_wav.wav using Guid(8f8f5debd4a57ef46a232faa7ca2524a) Importer(2089858483,0ecaa5967403d082aa24f35e1b516d23) Generated GUIDs only implemented for interfaces!
 -> (artifact id: '2e5c268bacb2ca3aae6d9e0279011543') in 0.071038 seconds
Number of updated asset objects reloaded before import = 0
Number of asset objects unloaded after import = 1
========================================================================
Received Import Request.
  Time since last request: 0.000021 seconds.
  path: Assets/Code/Scripts/Level1.cs
  artifactKey: Guid(a4b3550290028b746ac96cade3e3a36e) Importer(2089858483,0ecaa5967403d082aa24f35e1b516d23)
Start importing Assets/Code/Scripts/Level1.cs using Guid(a4b3550290028b746ac96cade3e3a36e) Importer(2089858483,0ecaa5967403d082aa24f35e1b516d23) Generated GUIDs only implemented for interfaces!
 -> (artifact id: '5e238cfeb5876ea4290e451750bcc266') in 0.011724 seconds
Number of updated asset objects reloaded before import = 0
Number of asset objects unloaded after import = 1
========================================================================
Received Import Request.
  Time since last request: 0.000038 seconds.
  path: Assets/Music/FastUiSounds/SFX_FastUiChangeOption_03_wav.wav
  artifactKey: Guid(31615b54c7c750d46bc5e32749104d8b) Importer(2089858483,0ecaa5967403d082aa24f35e1b516d23)
Start importing Assets/Music/FastUiSounds/SFX_FastUiChangeOption_03_wav.wav using Guid(31615b54c7c750d46bc5e32749104d8b) Importer(2089858483,0ecaa5967403d082aa24f35e1b516d23) Generated GUIDs only implemented for interfaces!
 -> (artifact id: '94d523fe354ad8cc7ff2322ac4012477') in 0.070649 seconds
Number of updated asset objects reloaded before import = 0
Number of asset objects unloaded after import = 1
========================================================================
Received Import Request.
  Time since last request: 0.000016 seconds.
  path: Assets/Music/FastUiSounds/SFX_FastUiClick_08_wav.wav
  artifactKey: Guid(72abace6cc2408644bf556b7479d4dd9) Importer(2089858483,0ecaa5967403d082aa24f35e1b516d23)
Start importing Assets/Music/FastUiSounds/SFX_FastUiClick_08_wav.wav using Guid(72abace6cc2408644bf556b7479d4dd9) Importer(2089858483,0ecaa5967403d082aa24f35e1b516d23) Generated GUIDs only implemented for interfaces!
 -> (artifact id: '363bb43dd17cad33d1c1dc32d8414fe4') in 0.068924 seconds
Number of updated asset objects reloaded before import = 0
Number of asset objects unloaded after import = 1
========================================================================
Received Import Request.
  Time since last request: 0.000157 seconds.
  path: Assets/Music/FastUiSounds/SFX_FastUiCheckBox_02_wav.wav
  artifactKey: Guid(c945a14d37999be4aa3ad70158b87e7c) Importer(2089858483,0ecaa5967403d082aa24f35e1b516d23)
Start importing Assets/Music/FastUiSounds/SFX_FastUiCheckBox_02_wav.wav using Guid(c945a14d37999be4aa3ad70158b87e7c) Importer(2089858483,0ecaa5967403d082aa24f35e1b516d23) Generated GUIDs only implemented for interfaces!
 -> (artifact id: 'c5a184154b1c1b4b120a62ea1c74ec43') in 0.066293 seconds
Number of updated asset objects reloaded before import = 0
Number of asset objects unloaded after import = 1
========================================================================
Received Import Request.
  Time since last request: 0.000025 seconds.
  path: Assets/Music/FastUiSounds/SFX_FastUiClick_Impact_08_wav.wav
  artifactKey: Guid(deebccd5e85d2ad4393ee14863dfe275) Importer(2089858483,0ecaa5967403d082aa24f35e1b516d23)
Start importing Assets/Music/FastUiSounds/SFX_FastUiClick_Impact_08_wav.wav using Guid(deebccd5e85d2ad4393ee14863dfe275) Importer(2089858483,0ecaa5967403d082aa24f35e1b516d23) Generated GUIDs only implemented for interfaces!
 -> (artifact id: '71c9969d10aa26903b0315f693ac515d') in 0.067602 seconds
Number of updated asset objects reloaded before import = 0
Number of asset objects unloaded after import = 1
========================================================================
Received Import Request.
  Time since last request: 0.000036 seconds.
  path: Assets/Music/FastUiSounds/SFX_FastUiClick_Mechanical_01_wav.wav
  artifactKey: Guid(87cb7c54c7d65f245922d14a58f8ae9e) Importer(2089858483,0ecaa5967403d082aa24f35e1b516d23)
Start importing Assets/Music/FastUiSounds/SFX_FastUiClick_Mechanical_01_wav.wav using Guid(87cb7c54c7d65f245922d14a58f8ae9e) Importer(2089858483,0ecaa5967403d082aa24f35e1b516d23) Generated GUIDs only implemented for interfaces!
 -> (artifact id: '0d481ececedceaa4be8d89539a2f1d52') in 0.073177 seconds
Number of updated asset objects reloaded before import = 0
Number of asset objects unloaded after import = 1
========================================================================
Received Import Request.
  Time since last request: 0.000018 seconds.
  path: Assets/Music/FastUiSounds/SFX_FastUiClick_Impact_02_wav.wav
  artifactKey: Guid(722a9435b1665d64f9178a1eb3fe6d39) Importer(2089858483,0ecaa5967403d082aa24f35e1b516d23)
Start importing Assets/Music/FastUiSounds/SFX_FastUiClick_Impact_02_wav.wav using Guid(722a9435b1665d64f9178a1eb3fe6d39) Importer(2089858483,0ecaa5967403d082aa24f35e1b516d23) Generated GUIDs only implemented for interfaces!
 -> (artifact id: '08301e17a42da7b2292ae1c6070d2e15') in 0.067370 seconds
Number of updated asset objects reloaded before import = 0
Number of asset objects unloaded after import = 1
========================================================================
Received Import Request.
  Time since last request: 0.000018 seconds.
  path: Assets/Music/FastUiSounds/SFX_FastUiClick_DoubleClick_04_wav.wav
  artifactKey: Guid(7eb23333d2eabe743b325421264b31ea) Importer(2089858483,0ecaa5967403d082aa24f35e1b516d23)
Start importing Assets/Music/FastUiSounds/SFX_FastUiClick_DoubleClick_04_wav.wav using Guid(7eb23333d2eabe743b325421264b31ea) Importer(2089858483,0ecaa5967403d082aa24f35e1b516d23) Generated GUIDs only implemented for interfaces!
 -> (artifact id: '7abfcdf2b7e0d73428bf335b9059b591') in 0.068000 seconds
Number of updated asset objects reloaded before import = 0
Number of asset objects unloaded after import = 1
========================================================================
Received Import Request.
  Time since last request: 0.000025 seconds.
  path: Assets/Music/FastUiSounds/SFX_FastUiClick_Mechanical_02_wav.wav
  artifactKey: Guid(847eba7d397f88449b03303149c92fbf) Importer(2089858483,0ecaa5967403d082aa24f35e1b516d23)
Start importing Assets/Music/FastUiSounds/SFX_FastUiClick_Mechanical_02_wav.wav using Guid(847eba7d397f88449b03303149c92fbf) Importer(2089858483,0ecaa5967403d082aa24f35e1b516d23) Generated GUIDs only implemented for interfaces!
 -> (artifact id: 'f519a4ecd9e4b1d0f573f031b013fa0d') in 0.088898 seconds
Number of updated asset objects reloaded before import = 0
Number of asset objects unloaded after import = 1
========================================================================
Received Import Request.
  Time since last request: 0.000023 seconds.
  path: Assets/Music/FastUiSounds/SFX_FastUiClick_10_wav.wav
  artifactKey: Guid(6152f94817a2bb344a1cf1143b2af12b) Importer(2089858483,0ecaa5967403d082aa24f35e1b516d23)
Start importing Assets/Music/FastUiSounds/SFX_FastUiClick_10_wav.wav using Guid(6152f94817a2bb344a1cf1143b2af12b) Importer(2089858483,0ecaa5967403d082aa24f35e1b516d23) Generated GUIDs only implemented for interfaces!
 -> (artifact id: 'ae26ebcfcd5d0fb66e2791764ad740eb') in 0.075089 seconds
Number of updated asset objects reloaded before import = 0
Number of asset objects unloaded after import = 1
========================================================================
Received Import Request.
  Time since last request: 0.000016 seconds.
  path: Assets/Music/FastUiSounds/SFX_FastUiClick_01_wav.wav
  artifactKey: Guid(fc6ea18a174510941b9541c03ce22866) Importer(2089858483,0ecaa5967403d082aa24f35e1b516d23)
Start importing Assets/Music/FastUiSounds/SFX_FastUiClick_01_wav.wav using Guid(fc6ea18a174510941b9541c03ce22866) Importer(2089858483,0ecaa5967403d082aa24f35e1b516d23) Generated GUIDs only implemented for interfaces!
 -> (artifact id: '6b3a4ee5fbaa1cabad509c97b5590578') in 0.075496 seconds
Number of updated asset objects reloaded before import = 0
Number of asset objects unloaded after import = 1
========================================================================
Received Import Request.
  Time since last request: 0.000020 seconds.
  path: Assets/Music/FastUiSounds/SFX_FastUiClick_Mechanical_05_wav.wav
  artifactKey: Guid(31843d0601c713d46849626403745044) Importer(2089858483,0ecaa5967403d082aa24f35e1b516d23)
Start importing Assets/Music/FastUiSounds/SFX_FastUiClick_Mechanical_05_wav.wav using Guid(31843d0601c713d46849626403745044) Importer(2089858483,0ecaa5967403d082aa24f35e1b516d23) Generated GUIDs only implemented for interfaces!
 -> (artifact id: 'e9bf16b4121afe7eec20fb2db4f5ea30') in 0.078258 seconds
Number of updated asset objects reloaded before import = 0
Number of asset objects unloaded after import = 1
========================================================================
Received Import Request.
  Time since last request: 0.000027 seconds.
  path: Assets/Music/FastUiSounds/SFX_FastUiClick_Tonal_08_wav.wav
  artifactKey: Guid(6566e783cfa0fcb428e7b625274e5e96) Importer(2089858483,0ecaa5967403d082aa24f35e1b516d23)
Start importing Assets/Music/FastUiSounds/SFX_FastUiClick_Tonal_08_wav.wav using Guid(6566e783cfa0fcb428e7b625274e5e96) Importer(2089858483,0ecaa5967403d082aa24f35e1b516d23) Generated GUIDs only implemented for interfaces!
 -> (artifact id: 'f81c202d468b1b64f134d5863b207f46') in 0.085124 seconds
Number of updated asset objects reloaded before import = 0
Number of asset objects unloaded after import = 1
========================================================================
Received Import Request.
  Time since last request: 0.000020 seconds.
  path: Assets/Music/FastUiSounds/SFX_FastUiClick_Metal_03_wav.wav
  artifactKey: Guid(4c933259f91b9c14cbd00e653c80734a) Importer(2089858483,0ecaa5967403d082aa24f35e1b516d23)
Start importing Assets/Music/FastUiSounds/SFX_FastUiClick_Metal_03_wav.wav using Guid(4c933259f91b9c14cbd00e653c80734a) Importer(2089858483,0ecaa5967403d082aa24f35e1b516d23) Generated GUIDs only implemented for interfaces!
 -> (artifact id: '25c6364660e61a282b781af139a4294a') in 0.075446 seconds
Number of updated asset objects reloaded before import = 0
Number of asset objects unloaded after import = 1
========================================================================
Received Import Request.
  Time since last request: 0.000030 seconds.
  path: Assets/Music/FastUiSounds/SFX_FastUiClick_MultipleImpacts_02_wav.wav
  artifactKey: Guid(cc7b92c0960d10a4586dde72e408040f) Importer(2089858483,0ecaa5967403d082aa24f35e1b516d23)
Start importing Assets/Music/FastUiSounds/SFX_FastUiClick_MultipleImpacts_02_wav.wav using Guid(cc7b92c0960d10a4586dde72e408040f) Importer(2089858483,0ecaa5967403d082aa24f35e1b516d23) Generated GUIDs only implemented for interfaces!
 -> (artifact id: '6159221d2f52ca17ae5ada9be3227e13') in 0.071071 seconds
Number of updated asset objects reloaded before import = 0
Number of asset objects unloaded after import = 1
========================================================================
Received Import Request.
  Time since last request: 0.000017 seconds.
  path: Assets/Music/FastUiSounds/SFX_FastUiClick_Tonal_06_wav.wav
  artifactKey: Guid(dcbf95c5dad1d2244bf38a05e3753a8f) Importer(2089858483,0ecaa5967403d082aa24f35e1b516d23)
Start importing Assets/Music/FastUiSounds/SFX_FastUiClick_Tonal_06_wav.wav using Guid(dcbf95c5dad1d2244bf38a05e3753a8f) Importer(2089858483,0ecaa5967403d082aa24f35e1b516d23) Generated GUIDs only implemented for interfaces!
 -> (artifact id: 'ffde0e20109fe07a834e8f59a92a0c13') in 0.069926 seconds
Number of updated asset objects reloaded before import = 0
Number of asset objects unloaded after import = 1
========================================================================
Received Import Request.
  Time since last request: 0.000027 seconds.
  path: Assets/Music/FastUiSounds/SFX_FastUiClick_SingleImpact_01_wav.wav
  artifactKey: Guid(4783a2eb37eaf4a4794d66c81376b992) Importer(2089858483,0ecaa5967403d082aa24f35e1b516d23)
Start importing Assets/Music/FastUiSounds/SFX_FastUiClick_SingleImpact_01_wav.wav using Guid(4783a2eb37eaf4a4794d66c81376b992) Importer(2089858483,0ecaa5967403d082aa24f35e1b516d23) Generated GUIDs only implemented for interfaces!
 -> (artifact id: '426c1d2c5f624981651ccc48f49e9130') in 0.069603 seconds
Number of updated asset objects reloaded before import = 0
Number of asset objects unloaded after import = 1
========================================================================
Received Import Request.
  Time since last request: 0.000036 seconds.
  path: Assets/Music/FastUiSounds/SFX_FastUiSound_Musical_01_wav.wav
  artifactKey: Guid(10a01f8f13d44ef4197380dfc05c15db) Importer(2089858483,0ecaa5967403d082aa24f35e1b516d23)
Start importing Assets/Music/FastUiSounds/SFX_FastUiSound_Musical_01_wav.wav using Guid(10a01f8f13d44ef4197380dfc05c15db) Importer(2089858483,0ecaa5967403d082aa24f35e1b516d23) Generated GUIDs only implemented for interfaces!
 -> (artifact id: 'b22fe939b9cecd1b391f6a19094f24b3') in 0.067590 seconds
Number of updated asset objects reloaded before import = 0
Number of asset objects unloaded after import = 1
========================================================================
Received Import Request.
  Time since last request: 0.000016 seconds.
  path: Assets/Music/FastUiSounds/SFX_FastUiClick_Wood_06_wav.wav
  artifactKey: Guid(38aea7fe5af154746a2562a202d6842e) Importer(2089858483,0ecaa5967403d082aa24f35e1b516d23)
Start importing Assets/Music/FastUiSounds/SFX_FastUiClick_Wood_06_wav.wav using Guid(38aea7fe5af154746a2562a202d6842e) Importer(2089858483,0ecaa5967403d082aa24f35e1b516d23) Generated GUIDs only implemented for interfaces!
 -> (artifact id: 'ad9fc24afb7f5eae7d014b564dbd87c7') in 0.074000 seconds
Number of updated asset objects reloaded before import = 0
Number of asset objects unloaded after import = 1
========================================================================
Received Import Request.
  Time since last request: 0.000024 seconds.
  path: Assets/Music/FastUiSounds/SFX_FastUiClick_Wood_05_wav.wav
  artifactKey: Guid(284ed0b38502e524d8c11385e292ef01) Importer(2089858483,0ecaa5967403d082aa24f35e1b516d23)
Start importing Assets/Music/FastUiSounds/SFX_FastUiClick_Wood_05_wav.wav using Guid(284ed0b38502e524d8c11385e292ef01) Importer(2089858483,0ecaa5967403d082aa24f35e1b516d23) Generated GUIDs only implemented for interfaces!
 -> (artifact id: 'bb448aaecc6b53cac398ecbc0fac0f79') in 0.069431 seconds
Number of updated asset objects reloaded before import = 0
Number of asset objects unloaded after import = 1
========================================================================
Received Import Request.
  Time since last request: 0.000024 seconds.
  path: Assets/Music/FastUiSounds/SFX_FastUiClick_Wood_03_wav.wav
  artifactKey: Guid(35472ceab79445e409c8ec8182d3ae23) Importer(2089858483,0ecaa5967403d082aa24f35e1b516d23)
Start importing Assets/Music/FastUiSounds/SFX_FastUiClick_Wood_03_wav.wav using Guid(35472ceab79445e409c8ec8182d3ae23) Importer(2089858483,0ecaa5967403d082aa24f35e1b516d23) Generated GUIDs only implemented for interfaces!
 -> (artifact id: '845f5332a2431488c6a1a9bbe92d663c') in 0.066761 seconds
Number of updated asset objects reloaded before import = 0
Number of asset objects unloaded after import = 1
========================================================================
Received Import Request.
  Time since last request: 0.000017 seconds.
  path: Assets/Code/Scripts/King Cake.cs
  artifactKey: Guid(0338306986b0744a5af490bf672f23c9) Importer(2089858483,0ecaa5967403d082aa24f35e1b516d23)
Start importing Assets/Code/Scripts/King Cake.cs using Guid(0338306986b0744a5af490bf672f23c9) Importer(2089858483,0ecaa5967403d082aa24f35e1b516d23) Generated GUIDs only implemented for interfaces!
 -> (artifact id: 'bc67337350a5bcfac69cec106a8968f7') in 0.011481 seconds
Number of updated asset objects reloaded before import = 0
Number of asset objects unloaded after import = 1
========================================================================
Received Import Request.
  Time since last request: 0.000033 seconds.
  path: Assets/Music/FastUiSounds/SFX_FastUiClick_DigitalHarsh_02_wav.wav
  artifactKey: Guid(faf2584f1bd22ac409f0d0826875eb51) Importer(2089858483,0ecaa5967403d082aa24f35e1b516d23)
Start importing Assets/Music/FastUiSounds/SFX_FastUiClick_DigitalHarsh_02_wav.wav using Guid(faf2584f1bd22ac409f0d0826875eb51) Importer(2089858483,0ecaa5967403d082aa24f35e1b516d23) Generated GUIDs only implemented for interfaces!
 -> (artifact id: 'eaef6c52d9fa45fcc9ce67f0e3541e98') in 0.066432 seconds
Number of updated asset objects reloaded before import = 0
Number of asset objects unloaded after import = 1
========================================================================
Received Import Request.
  Time since last request: 0.000018 seconds.
  path: Assets/Music/FastUiSounds/SFX_FastUiDenied_05_wav.wav
  artifactKey: Guid(e30c22199d52bf94db5e79fe583e441f) Importer(2089858483,0ecaa5967403d082aa24f35e1b516d23)
Start importing Assets/Music/FastUiSounds/SFX_FastUiDenied_05_wav.wav using Guid(e30c22199d52bf94db5e79fe583e441f) Importer(2089858483,0ecaa5967403d082aa24f35e1b516d23) Generated GUIDs only implemented for interfaces!
 -> (artifact id: 'f9938d1831080f25c694ff719cebe4eb') in 0.064634 seconds
Number of updated asset objects reloaded before import = 0
Number of asset objects unloaded after import = 1
========================================================================
Received Import Request.
  Time since last request: 0.000037 seconds.
  path: Assets/Music/FastUiSounds/SFX_FastUiClick_15_wav.wav
  artifactKey: Guid(b20bf34bd577fc245b7930eaf4496501) Importer(2089858483,0ecaa5967403d082aa24f35e1b516d23)
Start importing Assets/Music/FastUiSounds/SFX_FastUiClick_15_wav.wav using Guid(b20bf34bd577fc245b7930eaf4496501) Importer(2089858483,0ecaa5967403d082aa24f35e1b516d23) Generated GUIDs only implemented for interfaces!
 -> (artifact id: '78a6be13f94244bd94dce2ef11b32901') in 0.070739 seconds
Number of updated asset objects reloaded before import = 0
Number of asset objects unloaded after import = 1
========================================================================
Received Import Request.
  Time since last request: 0.000021 seconds.
  path: Assets/Music/FREE MUSIC PACK- Aila Scott/05- Make it Work!.wav
  artifactKey: Guid(a89adba6a2267834b951ec139cf96e95) Importer(2089858483,0ecaa5967403d082aa24f35e1b516d23)
Start importing Assets/Music/FREE MUSIC PACK- Aila Scott/05- Make it Work!.wav using Guid(a89adba6a2267834b951ec139cf96e95) Importer(2089858483,0ecaa5967403d082aa24f35e1b516d23) Generated GUIDs only implemented for interfaces!
 -> (artifact id: '97efdccbe92f6b5f9ddc3071d5b8126a') in 0.068689 seconds
Number of updated asset objects reloaded before import = 0
Number of asset objects unloaded after import = 1
========================================================================
Received Import Request.
  Time since last request: 0.000021 seconds.
  path: Assets/Music/FREE MUSIC PACK- Aila Scott/10- Sear The Time Vortex.wav
  artifactKey: Guid(44cca509b76a21545a48c594e341d3c9) Importer(2089858483,0ecaa5967403d082aa24f35e1b516d23)
Start importing Assets/Music/FREE MUSIC PACK- Aila Scott/10- Sear The Time Vortex.wav using Guid(44cca509b76a21545a48c594e341d3c9) Importer(2089858483,0ecaa5967403d082aa24f35e1b516d23) Generated GUIDs only implemented for interfaces!
 -> (artifact id: '398c221e905652a506456eb979bfc085') in 0.067445 seconds
Number of updated asset objects reloaded before import = 0
Number of asset objects unloaded after import = 1
========================================================================
Received Import Request.
  Time since last request: 0.000020 seconds.
  path: Assets/TextMesh Pro/Shaders/TMPro.cginc
  artifactKey: Guid(407bc68d299748449bbf7f48ee690f8d) Importer(2089858483,0ecaa5967403d082aa24f35e1b516d23)
Start importing Assets/TextMesh Pro/Shaders/TMPro.cginc using Guid(407bc68d299748449bbf7f48ee690f8d) Importer(2089858483,0ecaa5967403d082aa24f35e1b516d23) Generated GUIDs only implemented for interfaces!
 -> (artifact id: 'e78b7e2ffd6ccc60c9f5b39ca4d8e16f') in 0.011160 seconds
Number of updated asset objects reloaded before import = 0
Number of asset objects unloaded after import = 1
========================================================================
Received Import Request.
  Time since last request: 0.000015 seconds.
  path: Assets/Music/FREE MUSIC PACK- Aila Scott/03-Fightwave.wav
  artifactKey: Guid(0b468cc0030c0d646b6aaab76844f45c) Importer(2089858483,0ecaa5967403d082aa24f35e1b516d23)
Start importing Assets/Music/FREE MUSIC PACK- Aila Scott/03-Fightwave.wav using Guid(0b468cc0030c0d646b6aaab76844f45c) Importer(2089858483,0ecaa5967403d082aa24f35e1b516d23) Generated GUIDs only implemented for interfaces!
 -> (artifact id: '701a0f05f5dc37e0d27e7dd4848dca12') in 0.066761 seconds
Number of updated asset objects reloaded before import = 0
Number of asset objects unloaded after import = 1
========================================================================
Received Import Request.
  Time since last request: 0.000013 seconds.
  path: Assets/Music/FREE MUSIC PACK- Aila Scott/09- A Horrid Discovery.wav
  artifactKey: Guid(19b58cc57fe38844690c45bcf4bbbce9) Importer(2089858483,0ecaa5967403d082aa24f35e1b516d23)
Start importing Assets/Music/FREE MUSIC PACK- Aila Scott/09- A Horrid Discovery.wav using Guid(19b58cc57fe38844690c45bcf4bbbce9) Importer(2089858483,0ecaa5967403d082aa24f35e1b516d23) Generated GUIDs only implemented for interfaces!
 -> (artifact id: '3f926d6b20a7eb51d24e70634e47c1fb') in 0.064223 seconds
Number of updated asset objects reloaded before import = 0
Number of asset objects unloaded after import = 1
========================================================================
Received Import Request.
  Time since last request: 0.000145 seconds.
  path: Assets/TextMesh Pro/Documentation/TextMesh Pro User Guide 2016.pdf
  artifactKey: Guid(1b8d251f9af63b746bf2f7ffe00ebb9b) Importer(2089858483,0ecaa5967403d082aa24f35e1b516d23)
Start importing Assets/TextMesh Pro/Documentation/TextMesh Pro User Guide 2016.pdf using Guid(1b8d251f9af63b746bf2f7ffe00ebb9b) Importer(2089858483,0ecaa5967403d082aa24f35e1b516d23) Generated GUIDs only implemented for interfaces!
 -> (artifact id: '6e06bb9313ac95aec581f7e7ee7fa3f4') in 0.012059 seconds
Number of updated asset objects reloaded before import = 0
Number of asset objects unloaded after import = 1
========================================================================
Received Import Request.
  Time since last request: 0.000057 seconds.
  path: Assets/Music/FREE MUSIC PACK- Aila Scott/07- eepy.wav
  artifactKey: Guid(6d1244a59d0f23b46ab80f42dd52c0d8) Importer(2089858483,0ecaa5967403d082aa24f35e1b516d23)
Start importing Assets/Music/FREE MUSIC PACK- Aila Scott/07- eepy.wav using Guid(6d1244a59d0f23b46ab80f42dd52c0d8) Importer(2089858483,0ecaa5967403d082aa24f35e1b516d23) Generated GUIDs only implemented for interfaces!
 -> (artifact id: 'd578c3f01f7901a6a448c5045e701fd8') in 0.066579 seconds
Number of updated asset objects reloaded before import = 0
Number of asset objects unloaded after import = 1
========================================================================
Received Import Request.
  Time since last request: 0.000018 seconds.
  path: Assets/Music/FREE MUSIC PACK- Aila Scott/08-Bittersweet Village Theme.wav
  artifactKey: Guid(3238f1e723535b54eb3852978fabc2cd) Importer(2089858483,0ecaa5967403d082aa24f35e1b516d23)
Start importing Assets/Music/FREE MUSIC PACK- Aila Scott/08-Bittersweet Village Theme.wav using Guid(3238f1e723535b54eb3852978fabc2cd) Importer(2089858483,0ecaa5967403d082aa24f35e1b516d23) Generated GUIDs only implemented for interfaces!
 -> (artifact id: '76ea5a8973b64330533cd436a0bb1728') in 0.067783 seconds
Number of updated asset objects reloaded before import = 0
Number of asset objects unloaded after import = 1
========================================================================
Received Import Request.
  Time since last request: 0.000019 seconds.
  path: Assets/Music/FastUiSounds/SFX_FastUiClick_Mechanical_04_wav.wav
  artifactKey: Guid(9adf7ab8c1f24a9408911d3d99b09d4e) Importer(2089858483,0ecaa5967403d082aa24f35e1b516d23)
Start importing Assets/Music/FastUiSounds/SFX_FastUiClick_Mechanical_04_wav.wav using Guid(9adf7ab8c1f24a9408911d3d99b09d4e) Importer(2089858483,0ecaa5967403d082aa24f35e1b516d23) Generated GUIDs only implemented for interfaces!
 -> (artifact id: '0562dabadcfc65360a432890ce097fbd') in 0.074957 seconds
Number of updated asset objects reloaded before import = 0
Number of asset objects unloaded after import = 1
========================================================================
Received Import Request.
  Time since last request: 0.000021 seconds.
  path: Assets/TextMesh Pro/Sprites/EmojiOne.png
  artifactKey: Guid(dffef66376be4fa480fb02b19edbe903) Importer(2089858483,0ecaa5967403d082aa24f35e1b516d23)
Start importing Assets/TextMesh Pro/Sprites/EmojiOne.png using Guid(dffef66376be4fa480fb02b19edbe903) Importer(2089858483,0ecaa5967403d082aa24f35e1b516d23) Generated GUIDs only implemented for interfaces!
 -> (artifact id: '5856bf3f31461fddf01a551586bc8feb') in 0.037559 seconds
Number of updated asset objects reloaded before import = 0
Number of asset objects unloaded after import = 1
========================================================================
Received Import Request.
  Time since last request: 0.000030 seconds.
  path: Assets/TextMesh Pro/Sprites/EmojiOne Attribution.txt
  artifactKey: Guid(381dcb09d5029d14897e55f98031fca5) Importer(2089858483,0ecaa5967403d082aa24f35e1b516d23)
Start importing Assets/TextMesh Pro/Sprites/EmojiOne Attribution.txt using Guid(381dcb09d5029d14897e55f98031fca5) Importer(2089858483,0ecaa5967403d082aa24f35e1b516d23) Generated GUIDs only implemented for interfaces!
 -> (artifact id: 'abefbe905ba1889c321c335c82706d3e') in 0.010560 seconds
Number of updated asset objects reloaded before import = 0
Number of asset objects unloaded after import = 1
========================================================================
Received Import Request.
  Time since last request: 0.000021 seconds.
  path: Assets/TextMesh Pro/Resources/Fonts & Materials/LiberationSans SDF - Outline.mat
  artifactKey: Guid(79459efec17a4d00a321bdcc27bbc385) Importer(2089858483,0ecaa5967403d082aa24f35e1b516d23)
Start importing Assets/TextMesh Pro/Resources/Fonts & Materials/LiberationSans SDF - Outline.mat using Guid(79459efec17a4d00a321bdcc27bbc385) Importer(2089858483,0ecaa5967403d082aa24f35e1b516d23) Generated GUIDs only implemented for interfaces!
 -> (artifact id: 'c492e3bd0d17ffb874c1d6ce6ef51c7f') in 0.035015 seconds
Number of updated asset objects reloaded before import = 0
Number of asset objects unloaded after import = 2
========================================================================
Received Import Request.
  Time since last request: 0.000019 seconds.
  path: Assets/Music/FastUiSounds/SFX_FastUiClick_Wood_10_wav.wav
  artifactKey: Guid(8bf41b2aebb60e5449bedd77faca40e6) Importer(2089858483,0ecaa5967403d082aa24f35e1b516d23)
Start importing Assets/Music/FastUiSounds/SFX_FastUiClick_Wood_10_wav.wav using Guid(8bf41b2aebb60e5449bedd77faca40e6) Importer(2089858483,0ecaa5967403d082aa24f35e1b516d23) Generated GUIDs only implemented for interfaces!
 -> (artifact id: 'fdcc6b80aaa18286eb64eccb717cea1d') in 0.069256 seconds
Number of updated asset objects reloaded before import = 0
Number of asset objects unloaded after import = 1
========================================================================
Received Import Request.
  Time since last request: 0.000017 seconds.
  path: Assets/TextMesh Pro/Shaders/TMP_Bitmap-Mobile.shader
  artifactKey: Guid(1e3b057af24249748ff873be7fafee47) Importer(2089858483,0ecaa5967403d082aa24f35e1b516d23)
Start importing Assets/TextMesh Pro/Shaders/TMP_Bitmap-Mobile.shader using Guid(1e3b057af24249748ff873be7fafee47) Importer(2089858483,0ecaa5967403d082aa24f35e1b516d23) Generated GUIDs only implemented for interfaces!
 -> (artifact id: 'dfc4ff5c96094118c2d04294f211f6f8') in 0.017100 seconds
Number of updated asset objects reloaded before import = 0
Number of asset objects unloaded after import = 1
========================================================================
Received Import Request.
  Time since last request: 0.000031 seconds.
  path: Assets/Art/Tiles/sheet_56.asset
  artifactKey: Guid(6d12fcb0fb590a6439abd9291a4428b0) Importer(2089858483,0ecaa5967403d082aa24f35e1b516d23)
Start importing Assets/Art/Tiles/sheet_56.asset using Guid(6d12fcb0fb590a6439abd9291a4428b0) Importer(2089858483,0ecaa5967403d082aa24f35e1b516d23) Generated GUIDs only implemented for interfaces!
 -> (artifact id: 'fc040524e8cfa77ab3225a771bf113ef') in 0.014346 seconds
Number of updated asset objects reloaded before import = 0
Number of asset objects unloaded after import = 3
========================================================================
Received Import Request.
  Time since last request: 0.000021 seconds.
  path: Assets/Art/Tiles/sheet_49.asset
  artifactKey: Guid(9ed2f0ba1da83e04f96c4c6a7c9fed76) Importer(2089858483,0ecaa5967403d082aa24f35e1b516d23)
Start importing Assets/Art/Tiles/sheet_49.asset using Guid(9ed2f0ba1da83e04f96c4c6a7c9fed76) Importer(2089858483,0ecaa5967403d082aa24f35e1b516d23) Generated GUIDs only implemented for interfaces!
 -> (artifact id: '8735d239b739e1c60e875172bfc039fe') in 0.014660 seconds
Number of updated asset objects reloaded before import = 0
Number of asset objects unloaded after import = 3
========================================================================
Received Import Request.
  Time since last request: 0.000022 seconds.
  path: Assets/Art/Tiles/sheet_33.asset
  artifactKey: Guid(db8ba12de0cd66c4fa8ef221a2856ed4) Importer(2089858483,0ecaa5967403d082aa24f35e1b516d23)
Start importing Assets/Art/Tiles/sheet_33.asset using Guid(db8ba12de0cd66c4fa8ef221a2856ed4) Importer(2089858483,0ecaa5967403d082aa24f35e1b516d23) Generated GUIDs only implemented for interfaces!
 -> (artifact id: '980c727d0827e36a5164bf2c8191cde4') in 0.013884 seconds
Number of updated asset objects reloaded before import = 0
Number of asset objects unloaded after import = 3
========================================================================
Received Import Request.
  Time since last request: 0.000016 seconds.
  path: Assets/Music/FastUiSounds/SFX_FastUiClick_05_wav.wav
  artifactKey: Guid(e4b41c4c7d09a1a428fb8b62d277d104) Importer(2089858483,0ecaa5967403d082aa24f35e1b516d23)
Start importing Assets/Music/FastUiSounds/SFX_FastUiClick_05_wav.wav using Guid(e4b41c4c7d09a1a428fb8b62d277d104) Importer(2089858483,0ecaa5967403d082aa24f35e1b516d23) Generated GUIDs only implemented for interfaces!
 -> (artifact id: 'cb338e1c5fdfb5361febb265785566a4') in 0.074372 seconds
Number of updated asset objects reloaded before import = 0
Number of asset objects unloaded after import = 1
========================================================================
Received Import Request.
  Time since last request: 0.000020 seconds.
  path: Assets/Art/Tiles/sheet_4.asset
  artifactKey: Guid(07dd5ef0e90c56549baddb220a03e101) Importer(2089858483,0ecaa5967403d082aa24f35e1b516d23)
Start importing Assets/Art/Tiles/sheet_4.asset using Guid(07dd5ef0e90c56549baddb220a03e101) Importer(2089858483,0ecaa5967403d082aa24f35e1b516d23) Generated GUIDs only implemented for interfaces!
 -> (artifact id: '0e2ca9f2ca840bb8600fbb400e5804bc') in 0.011872 seconds
Number of updated asset objects reloaded before import = 0
Number of asset objects unloaded after import = 3
========================================================================
Received Import Request.
  Time since last request: 0.000027 seconds.
  path: Assets/TextMesh Pro/Shaders/TMP_SDF-Surface.shader
  artifactKey: Guid(f7ada0af4f174f0694ca6a487b8f543d) Importer(2089858483,0ecaa5967403d082aa24f35e1b516d23)
Start importing Assets/TextMesh Pro/Shaders/TMP_SDF-Surface.shader using Guid(f7ada0af4f174f0694ca6a487b8f543d) Importer(2089858483,0ecaa5967403d082aa24f35e1b516d23) Generated GUIDs only implemented for interfaces!
 -> (artifact id: '047f3dbf39fb3edbde9fa7e2a9385fe5') in 0.016526 seconds
Number of updated asset objects reloaded before import = 0
Number of asset objects unloaded after import = 1
========================================================================
Received Import Request.
  Time since last request: 0.000015 seconds.
  path: Assets/Code/SoundScripts/AudioManager.cs
  artifactKey: Guid(bb596cf8b5685844e9502987c7629e73) Importer(2089858483,0ecaa5967403d082aa24f35e1b516d23)
Start importing Assets/Code/SoundScripts/AudioManager.cs using Guid(bb596cf8b5685844e9502987c7629e73) Importer(2089858483,0ecaa5967403d082aa24f35e1b516d23) Generated GUIDs only implemented for interfaces!
 -> (artifact id: 'b38025ac7d6679ea1cb36baf5e8e79e6') in 0.010396 seconds
Number of updated asset objects reloaded before import = 0
Number of asset objects unloaded after import = 1
========================================================================
Received Import Request.
  Time since last request: 0.000039 seconds.
  path: Assets/Art/Sprites/mmg.png
  artifactKey: Guid(c2124e78c1d3d4a4cb011563dbd5822b) Importer(2089858483,0ecaa5967403d082aa24f35e1b516d23)
Start importing Assets/Art/Sprites/mmg.png using Guid(c2124e78c1d3d4a4cb011563dbd5822b) Importer(2089858483,0ecaa5967403d082aa24f35e1b516d23) Generated GUIDs only implemented for interfaces!
 -> (artifact id: 'c588d210c890d3d638a52ad908753a20') in 0.039404 seconds
Number of updated asset objects reloaded before import = 0
Number of asset objects unloaded after import = 3
========================================================================
Received Import Request.
  Time since last request: 0.000019 seconds.
  path: Assets/Art/Tiles/sheet_225.asset
  artifactKey: Guid(2378ec2d9a27e5446a34c848a550aeba) Importer(2089858483,0ecaa5967403d082aa24f35e1b516d23)
Start importing Assets/Art/Tiles/sheet_225.asset using Guid(2378ec2d9a27e5446a34c848a550aeba) Importer(2089858483,0ecaa5967403d082aa24f35e1b516d23) Generated GUIDs only implemented for interfaces!
 -> (artifact id: '905c120858f822c623c52d7a2921ce23') in 0.015046 seconds
Number of updated asset objects reloaded before import = 0
Number of asset objects unloaded after import = 3
========================================================================
Received Import Request.
  Time since last request: 0.000024 seconds.
  path: Assets/Art/Tiles/sheet_204.asset
  artifactKey: Guid(84029baae98fa0047ad88bce748c3eaa) Importer(2089858483,0ecaa5967403d082aa24f35e1b516d23)
Start importing Assets/Art/Tiles/sheet_204.asset using Guid(84029baae98fa0047ad88bce748c3eaa) Importer(2089858483,0ecaa5967403d082aa24f35e1b516d23) Generated GUIDs only implemented for interfaces!
 -> (artifact id: '3d748c5fbd36135dd9c134ee2b7018d4') in 0.015182 seconds
Number of updated asset objects reloaded before import = 0
Number of asset objects unloaded after import = 3
========================================================================
Received Import Request.
  Time since last request: 0.000021 seconds.
  path: Assets/Art/Prefabs/Bullet.prefab
  artifactKey: Guid(d81f2d20cb49a6f47876bf0b1a1bc403) Importer(2089858483,0ecaa5967403d082aa24f35e1b516d23)
Start importing Assets/Art/Prefabs/Bullet.prefab using Guid(d81f2d20cb49a6f47876bf0b1a1bc403) Importer(2089858483,0ecaa5967403d082aa24f35e1b516d23) Generated GUIDs only implemented for interfaces!
 -> (artifact id: 'a0f704004a5574703504fb52b0b6991f') in 0.018514 seconds
Number of updated asset objects reloaded before import = 0
Number of asset objects unloaded after import = 10
========================================================================
Received Import Request.
  Time since last request: 0.000015 seconds.
  path: Assets/TextMesh Pro/Resources/Fonts & Materials/LiberationSans SDF - Drop Shadow.mat
  artifactKey: Guid(e73a58f6e2794ae7b1b7e50b7fb811b0) Importer(2089858483,0ecaa5967403d082aa24f35e1b516d23)
Start importing Assets/TextMesh Pro/Resources/Fonts & Materials/LiberationSans SDF - Drop Shadow.mat using Guid(e73a58f6e2794ae7b1b7e50b7fb811b0) Importer(2089858483,0ecaa5967403d082aa24f35e1b516d23) Generated GUIDs only implemented for interfaces!
 -> (artifact id: '73a0db2fdcc6d8ca73550fc2b66ac35c') in 0.026881 seconds
Number of updated asset objects reloaded before import = 0
Number of asset objects unloaded after import = 2
========================================================================
Received Import Request.
  Time since last request: 0.000018 seconds.
  path: Assets/TextMesh Pro/Shaders/TMP_SDF-Mobile SSD.shader
  artifactKey: Guid(c8d12adcee749c344b8117cf7c7eb912) Importer(2089858483,0ecaa5967403d082aa24f35e1b516d23)
Start importing Assets/TextMesh Pro/Shaders/TMP_SDF-Mobile SSD.shader using Guid(c8d12adcee749c344b8117cf7c7eb912) Importer(2089858483,0ecaa5967403d082aa24f35e1b516d23) Generated GUIDs only implemented for interfaces!
 -> (artifact id: '50f23567147a3623d1074487ff0bb095') in 0.013542 seconds
Number of updated asset objects reloaded before import = 0
Number of asset objects unloaded after import = 1
========================================================================
Received Import Request.
  Time since last request: 0.000029 seconds.
  path: Assets/Music/FastUiSounds/SFX_FastUiCheckBox_13_wav.wav
  artifactKey: Guid(aed75355f1db317479c760f6373bfaf6) Importer(2089858483,0ecaa5967403d082aa24f35e1b516d23)
Start importing Assets/Music/FastUiSounds/SFX_FastUiCheckBox_13_wav.wav using Guid(aed75355f1db317479c760f6373bfaf6) Importer(2089858483,0ecaa5967403d082aa24f35e1b516d23) Generated GUIDs only implemented for interfaces!
 -> (artifact id: 'bfa56d83d48fd2b7ff73c8ba2f094f20') in 0.074698 seconds
Number of updated asset objects reloaded before import = 0
Number of asset objects unloaded after import = 1
========================================================================
Received Import Request.
  Time since last request: 0.000032 seconds.
  path: Assets/Plugins/Demigiant/DOTween/Editor/Imgs/Footer_dark.png
  artifactKey: Guid(519694efe2bb2914788b151fbd8c01f4) Importer(2089858483,0ecaa5967403d082aa24f35e1b516d23)
Start importing Assets/Plugins/Demigiant/DOTween/Editor/Imgs/Footer_dark.png using Guid(519694efe2bb2914788b151fbd8c01f4) Importer(2089858483,0ecaa5967403d082aa24f35e1b516d23) Generated GUIDs only implemented for interfaces!
 -> (artifact id: 'def784c108b757047c0a4bdfe3767fec') in 0.030605 seconds
Number of updated asset objects reloaded before import = 0
Number of asset objects unloaded after import = 1
========================================================================
Received Import Request.
  Time since last request: 0.000021 seconds.
  path: Assets/TextMesh Pro/Resources/Sprite Assets/guap.asset
  artifactKey: Guid(be11b1e627502403a88a909f1b51180c) Importer(2089858483,0ecaa5967403d082aa24f35e1b516d23)
Start importing Assets/TextMesh Pro/Resources/Sprite Assets/guap.asset using Guid(be11b1e627502403a88a909f1b51180c) Importer(2089858483,0ecaa5967403d082aa24f35e1b516d23) Generated GUIDs only implemented for interfaces!
 -> (artifact id: '215406b0730420f9337a8c93261e34a9') in 0.023516 seconds
Number of updated asset objects reloaded before import = 0
Number of asset objects unloaded after import = 4
========================================================================
Received Import Request.
  Time since last request: 0.000018 seconds.
  path: Assets/Plugins/Demigiant/DOTween/Modules/DOTweenModuleUtils.cs
  artifactKey: Guid(7bcaf917d9cf5b84090421a5a2abe42e) Importer(2089858483,0ecaa5967403d082aa24f35e1b516d23)
Start importing Assets/Plugins/Demigiant/DOTween/Modules/DOTweenModuleUtils.cs using Guid(7bcaf917d9cf5b84090421a5a2abe42e) Importer(2089858483,0ecaa5967403d082aa24f35e1b516d23) Generated GUIDs only implemented for interfaces!
 -> (artifact id: '9000556e5440d04a363ec540a1082eb6') in 0.014329 seconds
Number of updated asset objects reloaded before import = 0
Number of asset objects unloaded after import = 1
========================================================================
Received Import Request.
  Time since last request: 0.000021 seconds.
  path: Assets/TextMesh Pro/Resources/Sprite Assets/HealthNew.asset
  artifactKey: Guid(448fcdb29b93f487e9441df6fc1c77b1) Importer(2089858483,0ecaa5967403d082aa24f35e1b516d23)
Start importing Assets/TextMesh Pro/Resources/Sprite Assets/HealthNew.asset using Guid(448fcdb29b93f487e9441df6fc1c77b1) Importer(2089858483,0ecaa5967403d082aa24f35e1b516d23) Generated GUIDs only implemented for interfaces!
 -> (artifact id: 'ba320c9c0ed62fe100a3c127ba81137e') in 0.016985 seconds
Number of updated asset objects reloaded before import = 0
Number of asset objects unloaded after import = 8
========================================================================
Received Import Request.
  Time since last request: 0.000021 seconds.
  path: Assets/TextMesh Pro/Resources/Style Sheets/Default Style Sheet.asset
  artifactKey: Guid(f952c082cb03451daed3ee968ac6c63e) Importer(2089858483,0ecaa5967403d082aa24f35e1b516d23)
Start importing Assets/TextMesh Pro/Resources/Style Sheets/Default Style Sheet.asset using Guid(f952c082cb03451daed3ee968ac6c63e) Importer(2089858483,0ecaa5967403d082aa24f35e1b516d23) Generated GUIDs only implemented for interfaces!
 -> (artifact id: 'd16fb7ac4faa06429a751a1bd047aeac') in 0.014181 seconds
Number of updated asset objects reloaded before import = 0
Number of asset objects unloaded after import = 1
========================================================================
Received Import Request.
  Time since last request: 0.000031 seconds.
  path: Assets/Music/FastUiSounds/SFX_FastUiCheckBox_10_wav.wav
  artifactKey: Guid(508b1959ff394f5469f73cf86fa5f303) Importer(2089858483,0ecaa5967403d082aa24f35e1b516d23)
Start importing Assets/Music/FastUiSounds/SFX_FastUiCheckBox_10_wav.wav using Guid(508b1959ff394f5469f73cf86fa5f303) Importer(2089858483,0ecaa5967403d082aa24f35e1b516d23) Generated GUIDs only implemented for interfaces!
 -> (artifact id: '74439c2f71f23c4b292a94d1baf32cf2') in 0.069283 seconds
Number of updated asset objects reloaded before import = 0
Number of asset objects unloaded after import = 1
========================================================================
Received Import Request.
  Time since last request: 0.000037 seconds.
  path: Assets/Music/FastUiSounds/SFX_FastUiClick_11_wav.wav
  artifactKey: Guid(7a6588097a4a2ea4dafeaebec703b650) Importer(2089858483,0ecaa5967403d082aa24f35e1b516d23)
Start importing Assets/Music/FastUiSounds/SFX_FastUiClick_11_wav.wav using Guid(7a6588097a4a2ea4dafeaebec703b650) Importer(2089858483,0ecaa5967403d082aa24f35e1b516d23) Generated GUIDs only implemented for interfaces!
 -> (artifact id: 'e66bf3740d137ddc9a61c6bc6580f91f') in 0.069150 seconds
Number of updated asset objects reloaded before import = 0
Number of asset objects unloaded after import = 1
========================================================================
Received Import Request.
  Time since last request: 0.000022 seconds.
  path: Assets/Music/FastUiSounds/SFX_FastUiClick_Impact_06_wav.wav
  artifactKey: Guid(6dab471137eeab84d884d56a5ed61abb) Importer(2089858483,0ecaa5967403d082aa24f35e1b516d23)
Start importing Assets/Music/FastUiSounds/SFX_FastUiClick_Impact_06_wav.wav using Guid(6dab471137eeab84d884d56a5ed61abb) Importer(2089858483,0ecaa5967403d082aa24f35e1b516d23) Generated GUIDs only implemented for interfaces!
 -> (artifact id: '3f96120722f225cddea07109f2769c97') in 0.078431 seconds
Number of updated asset objects reloaded before import = 0
Number of asset objects unloaded after import = 1
========================================================================
Received Import Request.
  Time since last request: 0.000028 seconds.
  path: Assets/Art/Prefabs/Sniper Bullet.prefab
  artifactKey: Guid(696833382e7097c4eb95b11ff43b9072) Importer(2089858483,0ecaa5967403d082aa24f35e1b516d23)
Start importing Assets/Art/Prefabs/Sniper Bullet.prefab using Guid(696833382e7097c4eb95b11ff43b9072) Importer(2089858483,0ecaa5967403d082aa24f35e1b516d23) Generated GUIDs only implemented for interfaces!
 -> (artifact id: '2cf7e90d82561fd687f9d99095e3190f') in 0.019984 seconds
Number of updated asset objects reloaded before import = 0
Number of asset objects unloaded after import = 10
========================================================================
Received Import Request.
  Time since last request: 0.000021 seconds.
  path: Assets/Code/SoundScripts/SoundSettings.cs
  artifactKey: Guid(e7cdd9058c5869947997c21209667904) Importer(2089858483,0ecaa5967403d082aa24f35e1b516d23)
Start importing Assets/Code/SoundScripts/SoundSettings.cs using Guid(e7cdd9058c5869947997c21209667904) Importer(2089858483,0ecaa5967403d082aa24f35e1b516d23) Generated GUIDs only implemented for interfaces!
 -> (artifact id: '45df7327405ed223e25b5f2c9f94d7f8') in 0.013680 seconds
Number of updated asset objects reloaded before import = 0
Number of asset objects unloaded after import = 1
========================================================================
Received Import Request.
  Time since last request: 0.000054 seconds.
  path: Assets/Art/Tiles/sheet_136.asset
  artifactKey: Guid(6e78a1b72d55d5746b04c7f7a1680fba) Importer(2089858483,0ecaa5967403d082aa24f35e1b516d23)
Start importing Assets/Art/Tiles/sheet_136.asset using Guid(6e78a1b72d55d5746b04c7f7a1680fba) Importer(2089858483,0ecaa5967403d082aa24f35e1b516d23) Generated GUIDs only implemented for interfaces!
 -> (artifact id: 'e6fb5f2b96fc9dfb460e9aee7d7f178b') in 0.015164 seconds
Number of updated asset objects reloaded before import = 0
Number of asset objects unloaded after import = 3
========================================================================
Received Import Request.
  Time since last request: 0.000027 seconds.
  path: Assets/Art/Tiles/sheet_220.asset
  artifactKey: Guid(95079b73df00a594a8d0ffa948e0b060) Importer(2089858483,0ecaa5967403d082aa24f35e1b516d23)
Start importing Assets/Art/Tiles/sheet_220.asset using Guid(95079b73df00a594a8d0ffa948e0b060) Importer(2089858483,0ecaa5967403d082aa24f35e1b516d23) Generated GUIDs only implemented for interfaces!
 -> (artifact id: 'c25e2145c4783341903694c9258d3070') in 0.014093 seconds
Number of updated asset objects reloaded before import = 0
Number of asset objects unloaded after import = 3
========================================================================
Received Import Request.
  Time since last request: 0.000019 seconds.
  path: Assets/Art/Tiles/sheet_147.asset
  artifactKey: Guid(17a8201a3d256a840a24de63076dc31f) Importer(2089858483,0ecaa5967403d082aa24f35e1b516d23)
Start importing Assets/Art/Tiles/sheet_147.asset using Guid(17a8201a3d256a840a24de63076dc31f) Importer(2089858483,0ecaa5967403d082aa24f35e1b516d23) Generated GUIDs only implemented for interfaces!
 -> (artifact id: '61d5439d2ee863c42023ae61a6bcd6df') in 0.013401 seconds
Number of updated asset objects reloaded before import = 0
Number of asset objects unloaded after import = 3
========================================================================
Received Import Request.
  Time since last request: 0.000016 seconds.
  path: Assets/Art/Tiles/sheet_208.asset
  artifactKey: Guid(dad17accd1e4fef48a3fae7dd6de6214) Importer(2089858483,0ecaa5967403d082aa24f35e1b516d23)
Start importing Assets/Art/Tiles/sheet_208.asset using Guid(dad17accd1e4fef48a3fae7dd6de6214) Importer(2089858483,0ecaa5967403d082aa24f35e1b516d23) Generated GUIDs only implemented for interfaces!
 -> (artifact id: '3e50b43e2e10ac821ff2ac3f645aab07') in 0.013733 seconds
Number of updated asset objects reloaded before import = 0
Number of asset objects unloaded after import = 3
========================================================================
Received Prepare
Begin MonoManager ReloadAssembly
Symbol file LoadedFromMemory is not a mono symbol file
- Loaded All Assemblies, in  0.358 seconds
Refreshing native plugins compatible for Editor in 2.95 ms, found 0 plugins.
Native extension for WindowsStandalone target not found
Mono: successfully reloaded assembly
- Finished resetting the current domain, in  0.485 seconds
Domain Reload Profiling: 842ms
	BeginReloadAssembly (139ms)
		ExecutionOrderSort (0ms)
		DisableScriptedObjects (6ms)
		BackupInstance (0ms)
		ReleaseScriptingObjects (0ms)
		CreateAndSetChildDomain (23ms)
	RebuildCommonClasses (43ms)
	RebuildNativeTypeToScriptingClass (13ms)
	initialDomainReloadingComplete (21ms)
	LoadAllAssembliesAndSetupDomain (140ms)
		LoadAssemblies (216ms)
		RebuildTransferFunctionScriptingTraits (0ms)
		AnalyzeDomain (8ms)
			TypeCache.Refresh (4ms)
				TypeCache.ScanAssembly (0ms)
			ScanForSourceGeneratedMonoScriptInfo (0ms)
			ResolveRequiredComponents (3ms)
	FinalizeReload (486ms)
		ReleaseScriptCaches (0ms)
		RebuildScriptCaches (0ms)
		SetupLoadedEditorAssemblies (240ms)
			LogAssemblyErrors (0ms)
			InitializePlatformSupportModulesInManaged (6ms)
			SetLoadedEditorAssemblies (4ms)
			RefreshPlugins (0ms)
			BeforeProcessingInitializeOnLoad (48ms)
			ProcessInitializeOnLoadAttributes (140ms)
			ProcessInitializeOnLoadMethodAttributes (39ms)
			AfterProcessingInitializeOnLoad (3ms)
			EditorAssembliesLoaded (0ms)
		ExecutionOrderSort2 (0ms)
		AwakeInstancesAfterBackupRestoration (9ms)
Refreshing native plugins compatible for Editor in 2.50 ms, found 0 plugins.
Preloading 0 native plugins for Editor in 0.00 ms.
Unloading 1120 Unused Serialized files (Serialized files now loaded: 0)
Unloading 15 unused Assets / (26.4 KB). Loaded Objects now: 1616.
Memory consumption went from 70.2 MB to 70.2 MB.
Total: 2.980700 ms (FindLiveObjects: 0.132200 ms CreateObjectMapping: 0.035200 ms MarkObjects: 2.766600 ms  DeleteObjects: 0.045700 ms)

Prepare: number of updated asset objects reloaded= 0
AssetImportParameters requested are different than current active one (requested -> active):
  custom:video-encoder-webm-vp8: eb34c28f22e8b96e1ab97ce403110664 -> 
  custom:video-decoder-webm-vp8: 9c59270c3fd7afecdb556c50c9e8de78 -> 
  custom:audio-decoder-ogg-vorbis: bf7c407c2cedff20999df2af8eb42d56 -> 
  custom:SearchIndexIgnoredProperties: e643bd26f0fe6173181afceb89e7c659 -> 
  custom:container-demuxer-ogg: 62fdf1f143b41e24485cea50d1cbac27 -> 
  custom:AudioImporter_EditorPlatform: d09bf68614088b80899f8185d706f6e7 -> 
  custom:CustomObjectIndexerAttribute: 756ad292c208cfabdd7b50bc23989ffe -> 
  custom:container-demuxer-webm: 4f35f7cbe854078d1ac9338744f61a02 -> 
  custom:video-codec-MediaFoundation-h265: 746d11721c4dcdbdad8f713fa42b33f4 -> 
  custom:video-decoder-ogg-theora: a1e56fd34408186e4bbccfd4996cb3dc -> 
  custom:audio-encoder-webm-vorbis: bf7c407c2cedff20999df2af8eb42d56 -> 
  custom:framework-win-MediaFoundation: 216162199b28c13a410421893ffa2e32 -> 
  custom:container-muxer-webm: aa71ff27fc2769a1b78a27578f13a17b -> 
Editor requested this worker to shutdown with reason: Scaling down because of idle timeout
TcpMessagingSession - receive error: operation aborted. errorcode: 995, details: The I/O operation has been aborted because of either a thread exit or an application request.
AssetImportWorker is now disconnected from the server
Process exiting
Exiting without the bug reporter. Application will terminate with return code 0